\BOOKMARK [1][-]{section.1}{Procesn\355 model a duvody pro jeho tvorbu}{}% 1
\BOOKMARK [2][-]{subsection.1.1}{Definice procesn\355ho modelu}{section.1}% 2
\BOOKMARK [1][-]{section.2}{Z\341kladn\355 techniky}{}% 3
\BOOKMARK [2][-]{subsection.2.1}{V\375vojov\375 diagram \(flowchart\)}{section.2}% 4
\BOOKMARK [3][-]{subsubsection.2.1.1}{Z\341kladn\355 pravidla}{subsection.2.1}% 5
\BOOKMARK [3][-]{subsubsection.2.1.2}{V\375hody a nev\375hody}{subsection.2.1}% 6
\BOOKMARK [3][-]{subsubsection.2.1.3}{Pou\236it\355}{subsection.2.1}% 7
\BOOKMARK [2][-]{subsection.2.2}{BPMN}{section.2}% 8
\BOOKMARK [3][-]{subsubsection.2.2.1}{Z\341kladn\355 pravidla}{subsection.2.2}% 9
\BOOKMARK [3][-]{subsubsection.2.2.2}{V\375hody a nev\375hody}{subsection.2.2}% 10
\BOOKMARK [3][-]{subsubsection.2.2.3}{Pou\236it\355}{subsection.2.2}% 11
\BOOKMARK [2][-]{subsection.2.3}{BPEL}{section.2}% 12
\BOOKMARK [2][-]{subsection.2.4}{UML}{section.2}% 13
\BOOKMARK [3][-]{subsubsection.2.4.1}{Z\341kladn\355 pravidla}{subsection.2.4}% 14
\BOOKMARK [3][-]{subsubsection.2.4.2}{V\375hody a nev\375hody}{subsection.2.4}% 15
\BOOKMARK [3][-]{subsubsection.2.4.3}{Pou\236it\355}{subsection.2.4}% 16
\BOOKMARK [2][-]{subsection.2.5}{DEMO}{section.2}% 17
\BOOKMARK [3][-]{subsubsection.2.5.1}{Z\341kladn\355 pravidla}{subsection.2.5}% 18
\BOOKMARK [3][-]{subsubsection.2.5.2}{V\375hody a nev\375hody}{subsection.2.5}% 19
\BOOKMARK [3][-]{subsubsection.2.5.3}{Pou\236it\355}{subsection.2.5}% 20
\BOOKMARK [1][-]{section.3}{Srovn\341n\355 technik}{}% 21
