\BOOKMARK [0][-]{chapter*.5}{\332vod}{}% 1
\BOOKMARK [0][-]{chapter.1}{Definice z\341kladn\355ch pojmu}{}% 2
\BOOKMARK [1][-]{section.1.1}{Motivace k r\355zen\355 podnikov\375ch procesu}{chapter.1}% 3
\BOOKMARK [1][-]{section.1.2}{V\375voj pr\355stupu k r\355zen\355 podnikov\375ch procesu}{chapter.1}% 4
\BOOKMARK [1][-]{section.1.3}{Definice z\341kladn\355ch pojmu}{chapter.1}% 5
\BOOKMARK [0][-]{chapter.2}{Techniky modelov\341n\355 podnikov\375ch procesu}{}% 6
\BOOKMARK [1][-]{section.2.1}{Procesn\355 model a duvody pro jeho tvorbu}{chapter.2}% 7
\BOOKMARK [1][-]{section.2.2}{Z\341kladn\355 techniky}{chapter.2}% 8
\BOOKMARK [1][-]{section.2.3}{Srovn\341n\355 technik}{chapter.2}% 9
\BOOKMARK [0][-]{chapter.3}{Notace BPMN}{}% 10
\BOOKMARK [1][-]{section.3.1}{O BPMN}{chapter.3}% 11
\BOOKMARK [1][-]{section.3.2}{Z\341kladn\355 koncepty notace BPMN}{chapter.3}% 12
\BOOKMARK [1][-]{section.3.3}{Z\341kladn\355 elementy notace BPMN}{chapter.3}% 13
\BOOKMARK [1][-]{section.3.4}{Z\341kladn\355 pravidla modelov\341n\355 v BPMN}{chapter.3}% 14
\BOOKMARK [1][-]{section.3.5}{Mo\236nosti automatizace BPMN modelu}{chapter.3}% 15
\BOOKMARK [0][-]{chapter.4}{Metodologie DEMO}{}% 16
\BOOKMARK [1][-]{section.4.1}{O DEMO}{chapter.4}% 17
\BOOKMARK [1][-]{section.4.2}{Ontologie}{chapter.4}% 18
\BOOKMARK [1][-]{section.4.3}{Teorie PSI \(-theory\)}{chapter.4}% 19
\BOOKMARK [1][-]{section.4.4}{Teor\351m organizace \205 The organization theorem}{chapter.4}% 20
\BOOKMARK [1][-]{section.4.5}{Metodologie}{chapter.4}% 21
\BOOKMARK [0][-]{chapter.5}{Aplikace metody}{}% 22
\BOOKMARK [1][-]{section.5.1}{\332vod}{chapter.5}% 23
\BOOKMARK [1][-]{section.5.2}{Aplikace metody}{chapter.5}% 24
\BOOKMARK [1][-]{section.5.3}{Diskuse}{chapter.5}% 25
\BOOKMARK [0][-]{chapter*.39}{Z\341ver}{}% 26
\BOOKMARK [0][-]{section*.41}{Literatura}{}% 27
\BOOKMARK [0][-]{appendix.A}{Seznam pou\236it\375ch zkratek}{}% 28
\BOOKMARK [0][-]{appendix.B}{Obsah prilo\236en\351ho CD}{}% 29
