This is pdfTeX, Version 3.14159265-2.6-1.40.16 (TeX Live 2015) (preloaded format=pdflatex 2015.10.11)  11 JAN 2016 03:04
entering extended mode
 \write18 enabled.
 file:line:error style messages enabled.
 %&-line parsing enabled.
**/Users/helleste/Documents/skola/12sem/diplomka/obsah/TSWLatexianTemp_000433.tex
(/Users/helleste/Documents/skola/12sem/diplomka/obsah/TSWLatexianTemp_000433.tex
LaTeX2e <2015/01/01>
Babel <3.9l> and hyphenation patterns for 79 languages loaded.
(./FITthesis.cls
Document Class: FITthesis 2013/05/06 CTU FIT standard class for theses
(/usr/local/texlive/2015/texmf-dist/tex/latex/memoir/memoir.cls
Document Class: memoir 2015/04/23 v3.7d configurable book, report, article document class
\onelineskip=\skip41
\lxvchars=\skip42
\xlvchars=\skip43
\@memcnta=\count79
\c@@memmarkcntra=\count80
(/usr/local/texlive/2015/texmf-dist/tex/generic/oberdiek/ifpdf.sty
Package: ifpdf 2011/01/30 v2.3 Provides the ifpdf switch (HO)
Package ifpdf Info: pdfTeX in PDF mode is detected.
) (/usr/local/texlive/2015/texmf-dist/tex/latex/ifetex/ifetex.sty
Package: ifetex 2011/12/15 v1.2 ifetex
 (/usr/local/texlive/2015/texmf-dist/tex/plain/ifetex/ifetex.tex)) (/usr/local/texlive/2015/texmf-dist/tex/generic/ifxetex/ifxetex.sty
Package: ifxetex 2010/09/12 v0.6 Provides ifxetex conditional
) (/usr/local/texlive/2015/texmf-dist/tex/generic/oberdiek/ifluatex.sty
Package: ifluatex 2010/03/01 v1.3 Provides the ifluatex switch (HO)
Package ifluatex Info: LuaTeX not detected.
)
\stockheight=\skip44
\stockwidth=\skip45
\trimtop=\skip46
\trimedge=\skip47
 (/usr/local/texlive/2015/texmf-dist/tex/latex/etex-pkg/etex.sty
Package: etex 2015/03/02 v2.1 eTeX basic definition package (PEB,DPC)
\et@xins=\count81
) (/usr/local/texlive/2015/texmf-dist/tex/latex/memoir/mem11.clo
File: mem11.clo 2008/01/30 v0.3 memoir class 11pt size option
)
\binding=\skip48
\spinemargin=\skip49
\foremargin=\skip50
\uppermargin=\skip51
\lowermargin=\skip52
\headdrop=\skip53
\normalrulethickness=\skip54
\mem@maxheadheight=\skip55
\mem@maxfootheight=\skip56
\headwidth=\skip57
\c@storedpagenumber=\count82
\memPD=\dimen102
\m@mabparskip=\skip58
\thanksmarkwidth=\skip59
\thanksmarksep=\skip60
\droptitle=\skip61
\c@book=\count83
\c@part=\count84
\c@chapter=\count85
\c@section=\count86
\c@subsection=\count87
\c@subsubsection=\count88
\c@paragraph=\count89
\c@subparagraph=\count90
\beforechapskip=\skip62
\midchapskip=\skip63
\afterchapskip=\skip64
\chapindent=\skip65
\bottomsectionskip=\skip66
\secindent=\skip67
\beforesecskip=\skip68
\aftersecskip=\skip69
\subsecindent=\skip70
\beforesubsecskip=\skip71
\aftersubsecskip=\skip72
\subsubsecindent=\skip73
\beforesubsubsecskip=\skip74
\aftersubsubsecskip=\skip75
\paraindent=\skip76
\beforeparaskip=\skip77
\afterparaskip=\skip78
\subparaindent=\skip79
\beforesubparaskip=\skip80
\aftersubparaskip=\skip81
\pfbreakskip=\skip82
\c@@ppsavesec=\count91
\c@@ppsaveapp=\count92
\ragrparindent=\dimen103
\everylistparindent=\dimen104
\parsepi=\skip83
\topsepi=\skip84
\itemsepi=\skip85
\parsepii=\skip86
\topsepii=\skip87
\topsepiii=\skip88
\itemsepii=\skip89
\itemsepiii=\skip90
\partopsepii=\skip91
\partopsepiii=\skip92
\m@msavetopsep=\skip93
\m@msavepartopsep=\skip94
\@enLab=\toks14
\abstitleskip=\skip95
\absleftindent=\skip96
\abs@leftindent=\dimen105
\absrightindent=\skip97
\absparindent=\skip98
\absparsep=\skip99
\c@vslineno=\count93
\c@poemline=\count94
\c@modulo@vs=\count95
\c@memfvsline=\count96
\vleftskip=\skip100
\vrightskip=\skip101
\stanzaskip=\skip102
\versewidth=\skip103
\vgap=\skip104
\vindent=\skip105
\vleftmargin=\dimen106
\c@verse=\count97
\c@chrsinstr=\count98
\beforepoemtitleskip=\skip106
\afterpoemtitleskip=\skip107
\c@poem=\count99
\beforePoemTitleskip=\skip108
\midPoemTitleskip=\skip109
\afterPoemTitleskip=\skip110
\col@sep=\dimen107
\extrarowheight=\dimen108
\NC@list=\toks15
\extratabsurround=\skip111
\backup@length=\skip112
\TX@col@width=\dimen109
\TX@old@table=\dimen110
\TX@old@col=\dimen111
\TX@target=\dimen112
\TX@delta=\dimen113
\TX@cols=\count100
\TX@ftn=\toks16
\heavyrulewidth=\dimen114
\lightrulewidth=\dimen115
\cmidrulewidth=\dimen116
\belowrulesep=\dimen117
\belowbottomsep=\dimen118
\aboverulesep=\dimen119
\abovetopsep=\dimen120
\cmidrulesep=\dimen121
\cmidrulekern=\dimen122
\defaultaddspace=\dimen123
\@cmidla=\count101
\@cmidlb=\count102
\@aboverulesep=\dimen124
\@belowrulesep=\dimen125
\@thisruleclass=\count103
\@lastruleclass=\count104
\@thisrulewidth=\dimen126
\ctableftskip=\skip113
\ctabrightskip=\skip114
\abovecolumnspenalty=\count105
\@linestogo=\count106
\@cellstogo=\count107
\@cellsincolumn=\count108
\crtok=\toks17
\@mincolumnwidth=\dimen127
\c@newflo@tctr=\count109
\mem@margin@floatbox=\box26
\@contcwidth=\skip115
\@contindw=\skip116
\abovecaptionskip=\skip117
\belowcaptionskip=\skip118
\subfloattopskip=\skip119
\subfloatcapskip=\skip120
\subfloatcaptopadj=\skip121
\subfloatbottomskip=\skip122
\subfloatlabelskip=\skip123
\subfloatcapmargin=\dimen128
\c@@contsubnum=\count110
\m@mscap@capbox=\box27
\m@mscap@fbox=\box28
\sidecapsep=\dimen129
\sidecapwidth=\dimen130
\m@m@tempdima=\dimen131
\m@mscapraise=\dimen132
\sidecapraise=\dimen133
\m@mscapmainwidth=\dimen134
\m@mscaplkern=\dimen135
\beforeepigraphskip=\skip124
\afterepigraphskip=\skip125
\epigraphwidth=\skip126
\epigraphrule=\skip127
LaTeX Info: Redefining \em on input line 7533.
LaTeX Info: Redefining \emph on input line 7541.
\tocentryskip=\skip128
\tocbaseline=\skip129
\cftparskip=\skip130
\cftbeforebookskip=\skip131
\cftbookindent=\dimen136
\cftbooknumwidth=\dimen137
\cftbeforepartskip=\skip132
\cftpartindent=\skip133
\cftpartnumwidth=\skip134
\cftbeforechapterskip=\skip135
\cftchapterindent=\skip136
\cftchapternumwidth=\skip137
\cftbeforesectionskip=\skip138
\cftsectionindent=\skip139
\cftsectionnumwidth=\skip140
\cftbeforesubsectionskip=\skip141
\cftsubsectionindent=\skip142
\cftsubsectionnumwidth=\skip143
\cftbeforesubsubsectionskip=\skip144
\cftsubsubsectionindent=\skip145
\cftsubsubsectionnumwidth=\skip146
\cftbeforeparagraphskip=\skip147
\cftparagraphindent=\skip148
\cftparagraphnumwidth=\skip149
\cftbeforesubparagraphskip=\skip150
\cftsubparagraphindent=\skip151
\cftsubparagraphnumwidth=\skip152
\prechapterprecisshift=\dimen138
\c@maxsecnumdepth=\count111
\bibindent=\dimen139
\bibitemsep=\skip153
\indexcolsep=\skip154
\indexrule=\skip155
\indexmarkstyle=\toks18
\@indexbox=\insert233
\glossarycolsep=\dimen140
\glossaryrule=\dimen141
\sideparvshift=\skip156
\sideins=\insert232
\sidebartopsep=\skip157
\sidebarhsep=\skip158
\sidebarvsep=\skip159
\sidebarwidth=\skip160
\footmarkwidth=\skip161
\footmarksep=\skip162
\footparindent=\skip163
\footinsdim=\skip164
\footinsv@r=\insert231
\@mpfootinsv@r=\insert230
\m@m@k=\count112
\m@m@h=\dimen142
\m@mipn@skip=\skip165
\sidefootins=\insert229
\sidefootadjust=\skip166
\sidefootheight=\skip167
\sidefoothsep=\skip168
\sidefootvsep=\skip169
\sidefootwidth=\skip170
\m@mdownsf=\skip171
\c@sidefootnote=\count113
\sidefootmarkwidth=\skip172
\sidefootmarksep=\skip173
\sidefootparindent=\skip174
\c@pagenote=\count114
\c@pagenoteshadow=\count115
\mem@pn@lastkern=\skip175
\every@verbatim=\toks19
\afterevery@verbatim=\toks20
\verbatim@line=\toks21
\tab@position=\count116
\verbatim@in@stream=\read1
\verbatimindent=\skip176
\verbatim@out=\write3
\bvboxsep=\skip177
\c@memfbvline=\count117
\c@bvlinectr=\count118
\bvnumlength=\skip178
\fb@frw=\dimen143
\fb@frh=\dimen144
\FrameRule=\dimen145
\FrameSep=\dimen146
\c@cp@cntr=\count119
LaTeX Info: Redefining \: on input line 12050.
LaTeX Info: Redefining \! on input line 12052.
\c@ism@mctr=\count120
\c@xsm@mctr=\count121
\c@csm@mctr=\count122
\c@ksm@mctr=\count123
\c@xksm@mctr=\count124
\c@cksm@mctr=\count125
\c@msm@mctr=\count126
\c@xmsm@mctr=\count127
\c@cmsm@mctr=\count128
\c@bsm@mctr=\count129
\c@workm@mctr=\count130
\c@sheetsequence=\count131
\c@lastsheet=\count132
\c@lastpage=\count133
\c@figure=\count134
\c@lofdepth=\count135
\cftbeforefigureskip=\skip179
\cftfigureindent=\skip180
\cftfigurenumwidth=\skip181
\c@table=\count136
\c@lotdepth=\count137
\cftbeforetableskip=\skip182
\cfttableindent=\skip183
\cfttablenumwidth=\skip184
Package abstract [2008/07/23] emulated by memoir.
Package appendix [2008/07/23] emulated by memoir.
Package array [2008/09/09] emulated by memoir.
Package booktabs [2008/07/23] emulated by memoir.
Package ccaption [2008/07/23] emulated by memoir.
Package changepage [2008/07/23] emulated by memoir.
Package chngcntr [2008/07/23] emulated by memoir.
Package chngpage [2008/07/23] emulated by memoir.
Package crop emulated by memoir.
Package dcolumn [2008/07/23] emulated by memoir.
Package delarray [2008/07/23] emulated by memoir.
Package enumerate [2008/07/23] emulated by memoir.
Package epigraph [2008/07/23] emulated by memoir.
Package ifmtarg [2008/07/23] emulated by memoir.
Package index [2008/07/23] emulated by memoir.
Package makeidx [2008/07/23] emulated by memoir.
Package moreverb [2008/07/23] emulated by memoir.
Package mparhack [2008/07/23] emulated by memoir.
Package needspace [2008/07/23] emulated by memoir.
Package newfile [2008/07/23] emulated by memoir.
Package nextpage [2008/07/23] emulated by memoir.
Package pagenote [2008/07/23] emulated by memoir.
Package parskip [2008/07/23] emulated by memoir.
Package patchcmd [2008/07/23] emulated by memoir.
Package setspace [2008/07/23] emulated by memoir.
Package shortvrb [2008/07/23] emulated by memoir.
Package showidx [2008/07/23] emulated by memoir.
Package tabularx [2008/07/23] emulated by memoir.
Package titleref [2008/07/23] emulated by memoir.
Package titling [2008/07/23] emulated by memoir.
Package tocbibind [2008/07/23] emulated by memoir.
Package tocloft [2008/07/23] emulated by memoir.
Package tocvsec2 [2008/07/23] emulated by memoir.
Package verbatim [2008/07/23] emulated by memoir.
Package verse [2008/07/23] emulated by memoir.
 (/usr/local/texlive/2015/texmf-dist/tex/latex/memoir/mempatch.sty
Package: mempatch 2009/07/24 v6.0f Patches for memoir class v1.6180339
)) (/usr/local/texlive/2015/texmf-dist/tex/generic/babel/babel.sty
Package: babel 2014/09/25 3.9l The Babel package
 (/usr/local/texlive/2015/texmf-dist/tex/generic/babel-czech/czech.ldf
Language: czech 2008/07/06 v3.1a Czech support from the babel system
 (/usr/local/texlive/2015/texmf-dist/tex/generic/babel/babel.def
File: babel.def 2014/09/25 3.9l Babel common definitions
\babel@savecnt=\count138
\U@D=\dimen147
)
Package babel Info: Making " an active character on input line 172.
\cs@wordlen=\count139
Package babel Info: Making - an active character on input line 226.
)) (/usr/local/texlive/2015/texmf-dist/tex/latex/hyperref/hyperref.sty
Package: hyperref 2012/11/06 v6.83m Hypertext links for LaTeX
 (/usr/local/texlive/2015/texmf-dist/tex/generic/oberdiek/hobsub-hyperref.sty
Package: hobsub-hyperref 2012/05/28 v1.13 Bundle oberdiek, subset hyperref (HO)
 (/usr/local/texlive/2015/texmf-dist/tex/generic/oberdiek/hobsub-generic.sty
Package: hobsub-generic 2012/05/28 v1.13 Bundle oberdiek, subset generic (HO)
Package: hobsub 2012/05/28 v1.13 Construct package bundles (HO)
Package: infwarerr 2010/04/08 v1.3 Providing info/warning/error messages (HO)
Package: ltxcmds 2011/11/09 v1.22 LaTeX kernel commands for general use (HO)
Package hobsub Info: Skipping package `ifluatex' (already loaded).
Package: ifvtex 2010/03/01 v1.5 Detect VTeX and its facilities (HO)
Package ifvtex Info: VTeX not detected.
Package: intcalc 2007/09/27 v1.1 Expandable calculations with integers (HO)
Package hobsub Info: Skipping package `ifpdf' (already loaded).
Package: etexcmds 2011/02/16 v1.5 Avoid name clashes with e-TeX commands (HO)
Package etexcmds Info: Could not find \expanded.
(etexcmds)             That can mean that you are not using pdfTeX 1.50 or
(etexcmds)             that some package has redefined \expanded.
(etexcmds)             In the latter case, load this package earlier.
Package: kvsetkeys 2012/04/25 v1.16 Key value parser (HO)
Package: kvdefinekeys 2011/04/07 v1.3 Define keys (HO)
Package: pdftexcmds 2011/11/29 v0.20 Utility functions of pdfTeX for LuaTeX (HO)
Package pdftexcmds Info: LuaTeX not detected.
Package pdftexcmds Info: \pdf@primitive is available.
Package pdftexcmds Info: \pdf@ifprimitive is available.
Package pdftexcmds Info: \pdfdraftmode found.
Package: pdfescape 2011/11/25 v1.13 Implements pdfTeX's escape features (HO)
Package: bigintcalc 2012/04/08 v1.3 Expandable calculations on big integers (HO)
Package: bitset 2011/01/30 v1.1 Handle bit-vector datatype (HO)
Package: uniquecounter 2011/01/30 v1.2 Provide unlimited unique counter (HO)
)
Package hobsub Info: Skipping package `hobsub' (already loaded).
Package: letltxmacro 2010/09/02 v1.4 Let assignment for LaTeX macros (HO)
Package: hopatch 2012/05/28 v1.2 Wrapper for package hooks (HO)
Package: xcolor-patch 2011/01/30 xcolor patch
Package: atveryend 2011/06/30 v1.8 Hooks at the very end of document (HO)
Package atveryend Info: \enddocument detected (standard20110627).
Package: atbegshi 2011/10/05 v1.16 At begin shipout hook (HO)
Package: refcount 2011/10/16 v3.4 Data extraction from label references (HO)
Package: hycolor 2011/01/30 v1.7 Color options for hyperref/bookmark (HO)
) (/usr/local/texlive/2015/texmf-dist/tex/latex/graphics/keyval.sty
Package: keyval 2014/10/28 v1.15 key=value parser (DPC)
\KV@toks@=\toks22
) (/usr/local/texlive/2015/texmf-dist/tex/latex/oberdiek/auxhook.sty
Package: auxhook 2011/03/04 v1.3 Hooks for auxiliary files (HO)
) (/usr/local/texlive/2015/texmf-dist/tex/latex/oberdiek/kvoptions.sty
Package: kvoptions 2011/06/30 v3.11 Key value format for package options (HO)
)
\@linkdim=\dimen148
\Hy@linkcounter=\count140
\Hy@pagecounter=\count141
 (/usr/local/texlive/2015/texmf-dist/tex/latex/hyperref/pd1enc.def
File: pd1enc.def 2012/11/06 v6.83m Hyperref: PDFDocEncoding definition (HO)
)
\Hy@SavedSpaceFactor=\count142
 (/usr/local/texlive/2015/texmf-dist/tex/latex/latexconfig/hyperref.cfg
File: hyperref.cfg 2002/06/06 v1.2 hyperref configuration of TeXLive
)
Package hyperref Info: Hyper figures OFF on input line 4443.
Package hyperref Info: Link nesting OFF on input line 4448.
Package hyperref Info: Hyper index ON on input line 4451.
Package hyperref Info: Plain pages OFF on input line 4458.
Package hyperref Info: Backreferencing OFF on input line 4463.
Package hyperref Info: Implicit mode ON; LaTeX internals redefined.
Package hyperref Info: Bookmarks ON on input line 4688.
\c@Hy@tempcnt=\count143
 (/usr/local/texlive/2015/texmf-dist/tex/latex/url/url.sty
\Urlmuskip=\muskip10
Package: url 2013/09/16  ver 3.4  Verb mode for urls, etc.
)
LaTeX Info: Redefining \url on input line 5041.
\XeTeXLinkMargin=\dimen149
\Fld@menulength=\count144
\Field@Width=\dimen150
\Fld@charsize=\dimen151
Package hyperref Info: Hyper figures OFF on input line 6295.
Package hyperref Info: Link nesting OFF on input line 6300.
Package hyperref Info: Hyper index ON on input line 6303.
Package hyperref Info: backreferencing OFF on input line 6310.
Package hyperref Info: Link coloring OFF on input line 6315.
Package hyperref Info: Link coloring with OCG OFF on input line 6320.
Package hyperref Info: PDF/A mode OFF on input line 6325.
LaTeX Info: Redefining \ref on input line 6365.
LaTeX Info: Redefining \pageref on input line 6369.
\Hy@abspage=\count145
\c@Item=\count146
\c@Hfootnote=\count147
) (/usr/local/texlive/2015/texmf-dist/tex/latex/memoir/memhfixc.sty
Package: memhfixc 2013/05/30 v1.17 nameref/hyperref package fixes for memoir class
\c@memhycontfloat=\count148
\c@Hpagenote=\count149
)

Package hyperref Message: Driver (autodetected): hpdftex.

(/usr/local/texlive/2015/texmf-dist/tex/latex/hyperref/hpdftex.def
File: hpdftex.def 2012/11/06 v6.83m Hyperref driver for pdfTeX
\Fld@listcount=\count150
\c@bookmark@seq@number=\count151
 (/usr/local/texlive/2015/texmf-dist/tex/latex/oberdiek/rerunfilecheck.sty
Package: rerunfilecheck 2011/04/15 v1.7 Rerun checks for auxiliary files (HO)
Package uniquecounter Info: New unique counter `rerunfilecheck' on input line 282.
)
\Hy@SectionHShift=\skip185
) (/usr/local/texlive/2015/texmf-dist/tex/latex/base/fontenc.sty
Package: fontenc 2005/09/27 v1.99g Standard LaTeX package
 (/usr/local/texlive/2015/texmf-dist/tex/latex/base/t1enc.def
File: t1enc.def 2005/09/27 v1.99g Standard LaTeX file
LaTeX Font Info:    Redeclaring font encoding T1 on input line 48.
)) (/usr/local/texlive/2015/texmf-dist/tex/latex/lm/lmodern.sty
Package: lmodern 2009/10/30 v1.6 Latin Modern Fonts
LaTeX Font Info:    Overwriting symbol font `operators' in version `normal'
(Font)                  OT1/cmr/m/n --> OT1/lmr/m/n on input line 22.
LaTeX Font Info:    Overwriting symbol font `letters' in version `normal'
(Font)                  OML/cmm/m/it --> OML/lmm/m/it on input line 23.
LaTeX Font Info:    Overwriting symbol font `symbols' in version `normal'
(Font)                  OMS/cmsy/m/n --> OMS/lmsy/m/n on input line 24.
LaTeX Font Info:    Overwriting symbol font `largesymbols' in version `normal'
(Font)                  OMX/cmex/m/n --> OMX/lmex/m/n on input line 25.
LaTeX Font Info:    Overwriting symbol font `operators' in version `bold'
(Font)                  OT1/cmr/bx/n --> OT1/lmr/bx/n on input line 26.
LaTeX Font Info:    Overwriting symbol font `letters' in version `bold'
(Font)                  OML/cmm/b/it --> OML/lmm/b/it on input line 27.
LaTeX Font Info:    Overwriting symbol font `symbols' in version `bold'
(Font)                  OMS/cmsy/b/n --> OMS/lmsy/b/n on input line 28.
LaTeX Font Info:    Overwriting symbol font `largesymbols' in version `bold'
(Font)                  OMX/cmex/m/n --> OMX/lmex/m/n on input line 29.
LaTeX Font Info:    Overwriting math alphabet `\mathbf' in version `normal'
(Font)                  OT1/cmr/bx/n --> OT1/lmr/bx/n on input line 31.
LaTeX Font Info:    Overwriting math alphabet `\mathsf' in version `normal'
(Font)                  OT1/cmss/m/n --> OT1/lmss/m/n on input line 32.
LaTeX Font Info:    Overwriting math alphabet `\mathit' in version `normal'
(Font)                  OT1/cmr/m/it --> OT1/lmr/m/it on input line 33.
LaTeX Font Info:    Overwriting math alphabet `\mathtt' in version `normal'
(Font)                  OT1/cmtt/m/n --> OT1/lmtt/m/n on input line 34.
LaTeX Font Info:    Overwriting math alphabet `\mathbf' in version `bold'
(Font)                  OT1/cmr/bx/n --> OT1/lmr/bx/n on input line 35.
LaTeX Font Info:    Overwriting math alphabet `\mathsf' in version `bold'
(Font)                  OT1/cmss/bx/n --> OT1/lmss/bx/n on input line 36.
LaTeX Font Info:    Overwriting math alphabet `\mathit' in version `bold'
(Font)                  OT1/cmr/bx/it --> OT1/lmr/bx/it on input line 37.
LaTeX Font Info:    Overwriting math alphabet `\mathtt' in version `bold'
(Font)                  OT1/cmtt/m/n --> OT1/lmtt/m/n on input line 38.
)

******************************************************
Stock height and width: 845.04684pt by 597.50787pt
Top and edge trims: 0pt and 0pt
Page height and width: 845.04684pt by 597.50787pt
Text height and width: 595.80026pt by 369pt
Spine and edge margins: 113.81102pt and 114.69685pt
Upper and lower margins: 126.74379pt and 122.50279pt
Headheight and headsep: 13.6pt and 19.8738pt
Footskip: 27.46295pt
Columnsep and columnseprule: 10pt and 0pt
Marginparsep and marginparwidth: 7pt and 100.69685pt
Sidecapsep and sidecapwidth: 7pt and 101pt
Sidebarhsep and sidebarwidth: 7pt and 101pt
Sidebarvsep and sidebartopsep: 13.6pt and 0pt
Sidebarheight: 594.32022pt
Sidefoothsep and sidefootwidth: 7pt and 101pt
Sidefootvsep and sidefootheight: 13.6pt and 594.32022pt
******************************************************

(/usr/local/texlive/2015/texmf-dist/tex/latex/etoolbox/etoolbox.sty
Package: etoolbox 2015/05/04 v2.2 e-TeX tools for LaTeX (JAW)
\etb@tempcnta=\count152
)) (/usr/local/texlive/2015/texmf-dist/tex/latex/base/inputenc.sty
Package: inputenc 2015/03/17 v1.2c Input encoding file
\inpenc@prehook=\toks23
\inpenc@posthook=\toks24
 (/usr/local/texlive/2015/texmf-dist/tex/latex/base/utf8.def
File: utf8.def 2014/09/29 v1.1m UTF-8 support for inputenc
Now handling font encoding OML ...
... no UTF-8 mapping file for font encoding OML
Now handling font encoding T1 ...
... processing UTF-8 mapping file for font encoding T1
 (/usr/local/texlive/2015/texmf-dist/tex/latex/base/t1enc.dfu
File: t1enc.dfu 2014/09/29 v1.1m UTF-8 support for inputenc
   defining Unicode char U+00A1 (decimal 161)
   defining Unicode char U+00A3 (decimal 163)
   defining Unicode char U+00AB (decimal 171)
   defining Unicode char U+00BB (decimal 187)
   defining Unicode char U+00BF (decimal 191)
   defining Unicode char U+00C0 (decimal 192)
   defining Unicode char U+00C1 (decimal 193)
   defining Unicode char U+00C2 (decimal 194)
   defining Unicode char U+00C3 (decimal 195)
   defining Unicode char U+00C4 (decimal 196)
   defining Unicode char U+00C5 (decimal 197)
   defining Unicode char U+00C6 (decimal 198)
   defining Unicode char U+00C7 (decimal 199)
   defining Unicode char U+00C8 (decimal 200)
   defining Unicode char U+00C9 (decimal 201)
   defining Unicode char U+00CA (decimal 202)
   defining Unicode char U+00CB (decimal 203)
   defining Unicode char U+00CC (decimal 204)
   defining Unicode char U+00CD (decimal 205)
   defining Unicode char U+00CE (decimal 206)
   defining Unicode char U+00CF (decimal 207)
   defining Unicode char U+00D0 (decimal 208)
   defining Unicode char U+00D1 (decimal 209)
   defining Unicode char U+00D2 (decimal 210)
   defining Unicode char U+00D3 (decimal 211)
   defining Unicode char U+00D4 (decimal 212)
   defining Unicode char U+00D5 (decimal 213)
   defining Unicode char U+00D6 (decimal 214)
   defining Unicode char U+00D8 (decimal 216)
   defining Unicode char U+00D9 (decimal 217)
   defining Unicode char U+00DA (decimal 218)
   defining Unicode char U+00DB (decimal 219)
   defining Unicode char U+00DC (decimal 220)
   defining Unicode char U+00DD (decimal 221)
   defining Unicode char U+00DE (decimal 222)
   defining Unicode char U+00DF (decimal 223)
   defining Unicode char U+00E0 (decimal 224)
   defining Unicode char U+00E1 (decimal 225)
   defining Unicode char U+00E2 (decimal 226)
   defining Unicode char U+00E3 (decimal 227)
   defining Unicode char U+00E4 (decimal 228)
   defining Unicode char U+00E5 (decimal 229)
   defining Unicode char U+00E6 (decimal 230)
   defining Unicode char U+00E7 (decimal 231)
   defining Unicode char U+00E8 (decimal 232)
   defining Unicode char U+00E9 (decimal 233)
   defining Unicode char U+00EA (decimal 234)
   defining Unicode char U+00EB (decimal 235)
   defining Unicode char U+00EC (decimal 236)
   defining Unicode char U+00ED (decimal 237)
   defining Unicode char U+00EE (decimal 238)
   defining Unicode char U+00EF (decimal 239)
   defining Unicode char U+00F0 (decimal 240)
   defining Unicode char U+00F1 (decimal 241)
   defining Unicode char U+00F2 (decimal 242)
   defining Unicode char U+00F3 (decimal 243)
   defining Unicode char U+00F4 (decimal 244)
   defining Unicode char U+00F5 (decimal 245)
   defining Unicode char U+00F6 (decimal 246)
   defining Unicode char U+00F8 (decimal 248)
   defining Unicode char U+00F9 (decimal 249)
   defining Unicode char U+00FA (decimal 250)
   defining Unicode char U+00FB (decimal 251)
   defining Unicode char U+00FC (decimal 252)
   defining Unicode char U+00FD (decimal 253)
   defining Unicode char U+00FE (decimal 254)
   defining Unicode char U+00FF (decimal 255)
   defining Unicode char U+0102 (decimal 258)
   defining Unicode char U+0103 (decimal 259)
   defining Unicode char U+0104 (decimal 260)
   defining Unicode char U+0105 (decimal 261)
   defining Unicode char U+0106 (decimal 262)
   defining Unicode char U+0107 (decimal 263)
   defining Unicode char U+010C (decimal 268)
   defining Unicode char U+010D (decimal 269)
   defining Unicode char U+010E (decimal 270)
   defining Unicode char U+010F (decimal 271)
   defining Unicode char U+0110 (decimal 272)
   defining Unicode char U+0111 (decimal 273)
   defining Unicode char U+0118 (decimal 280)
   defining Unicode char U+0119 (decimal 281)
   defining Unicode char U+011A (decimal 282)
   defining Unicode char U+011B (decimal 283)
   defining Unicode char U+011E (decimal 286)
   defining Unicode char U+011F (decimal 287)
   defining Unicode char U+0130 (decimal 304)
   defining Unicode char U+0131 (decimal 305)
   defining Unicode char U+0132 (decimal 306)
   defining Unicode char U+0133 (decimal 307)
   defining Unicode char U+0139 (decimal 313)
   defining Unicode char U+013A (decimal 314)
   defining Unicode char U+013D (decimal 317)
   defining Unicode char U+013E (decimal 318)
   defining Unicode char U+0141 (decimal 321)
   defining Unicode char U+0142 (decimal 322)
   defining Unicode char U+0143 (decimal 323)
   defining Unicode char U+0144 (decimal 324)
   defining Unicode char U+0147 (decimal 327)
   defining Unicode char U+0148 (decimal 328)
   defining Unicode char U+014A (decimal 330)
   defining Unicode char U+014B (decimal 331)
   defining Unicode char U+0150 (decimal 336)
   defining Unicode char U+0151 (decimal 337)
   defining Unicode char U+0152 (decimal 338)
   defining Unicode char U+0153 (decimal 339)
   defining Unicode char U+0154 (decimal 340)
   defining Unicode char U+0155 (decimal 341)
   defining Unicode char U+0158 (decimal 344)
   defining Unicode char U+0159 (decimal 345)
   defining Unicode char U+015A (decimal 346)
   defining Unicode char U+015B (decimal 347)
   defining Unicode char U+015E (decimal 350)
   defining Unicode char U+015F (decimal 351)
   defining Unicode char U+0160 (decimal 352)
   defining Unicode char U+0161 (decimal 353)
   defining Unicode char U+0162 (decimal 354)
   defining Unicode char U+0163 (decimal 355)
   defining Unicode char U+0164 (decimal 356)
   defining Unicode char U+0165 (decimal 357)
   defining Unicode char U+016E (decimal 366)
   defining Unicode char U+016F (decimal 367)
   defining Unicode char U+0170 (decimal 368)
   defining Unicode char U+0171 (decimal 369)
   defining Unicode char U+0178 (decimal 376)
   defining Unicode char U+0179 (decimal 377)
   defining Unicode char U+017A (decimal 378)
   defining Unicode char U+017B (decimal 379)
   defining Unicode char U+017C (decimal 380)
   defining Unicode char U+017D (decimal 381)
   defining Unicode char U+017E (decimal 382)
   defining Unicode char U+200C (decimal 8204)
   defining Unicode char U+2013 (decimal 8211)
   defining Unicode char U+2014 (decimal 8212)
   defining Unicode char U+2018 (decimal 8216)
   defining Unicode char U+2019 (decimal 8217)
   defining Unicode char U+201A (decimal 8218)
   defining Unicode char U+201C (decimal 8220)
   defining Unicode char U+201D (decimal 8221)
   defining Unicode char U+201E (decimal 8222)
   defining Unicode char U+2030 (decimal 8240)
   defining Unicode char U+2031 (decimal 8241)
   defining Unicode char U+2039 (decimal 8249)
   defining Unicode char U+203A (decimal 8250)
   defining Unicode char U+2423 (decimal 9251)
)
Now handling font encoding OT1 ...
... processing UTF-8 mapping file for font encoding OT1
 (/usr/local/texlive/2015/texmf-dist/tex/latex/base/ot1enc.dfu
File: ot1enc.dfu 2014/09/29 v1.1m UTF-8 support for inputenc
   defining Unicode char U+00A1 (decimal 161)
   defining Unicode char U+00A3 (decimal 163)
   defining Unicode char U+00B8 (decimal 184)
   defining Unicode char U+00BF (decimal 191)
   defining Unicode char U+00C5 (decimal 197)
   defining Unicode char U+00C6 (decimal 198)
   defining Unicode char U+00D8 (decimal 216)
   defining Unicode char U+00DF (decimal 223)
   defining Unicode char U+00E6 (decimal 230)
   defining Unicode char U+00EC (decimal 236)
   defining Unicode char U+00ED (decimal 237)
   defining Unicode char U+00EE (decimal 238)
   defining Unicode char U+00EF (decimal 239)
   defining Unicode char U+00F8 (decimal 248)
   defining Unicode char U+0131 (decimal 305)
   defining Unicode char U+0141 (decimal 321)
   defining Unicode char U+0142 (decimal 322)
   defining Unicode char U+0152 (decimal 338)
   defining Unicode char U+0153 (decimal 339)
   defining Unicode char U+2013 (decimal 8211)
   defining Unicode char U+2014 (decimal 8212)
   defining Unicode char U+2018 (decimal 8216)
   defining Unicode char U+2019 (decimal 8217)
   defining Unicode char U+201C (decimal 8220)
   defining Unicode char U+201D (decimal 8221)
)
Now handling font encoding OMS ...
... processing UTF-8 mapping file for font encoding OMS
 (/usr/local/texlive/2015/texmf-dist/tex/latex/base/omsenc.dfu
File: omsenc.dfu 2014/09/29 v1.1m UTF-8 support for inputenc
   defining Unicode char U+00A7 (decimal 167)
   defining Unicode char U+00B6 (decimal 182)
   defining Unicode char U+00B7 (decimal 183)
   defining Unicode char U+2020 (decimal 8224)
   defining Unicode char U+2021 (decimal 8225)
   defining Unicode char U+2022 (decimal 8226)
)
Now handling font encoding OMX ...
... no UTF-8 mapping file for font encoding OMX
Now handling font encoding U ...
... no UTF-8 mapping file for font encoding U
Now handling font encoding PD1 ...
... no UTF-8 mapping file for font encoding PD1
   defining Unicode char U+00A9 (decimal 169)
   defining Unicode char U+00AA (decimal 170)
   defining Unicode char U+00AE (decimal 174)
   defining Unicode char U+00BA (decimal 186)
   defining Unicode char U+02C6 (decimal 710)
   defining Unicode char U+02DC (decimal 732)
   defining Unicode char U+200C (decimal 8204)
   defining Unicode char U+2026 (decimal 8230)
   defining Unicode char U+2122 (decimal 8482)
   defining Unicode char U+2423 (decimal 9251)
)) (/usr/local/texlive/2015/texmf-dist/tex/latex/float/float.sty
Package: float 2001/11/08 v1.3d Float enhancements (AL)
\c@float@type=\count153
\float@exts=\toks25
\float@box=\box29
\@float@everytoks=\toks26
\@floatcapt=\box30
) (/usr/local/texlive/2015/texmf-dist/tex/latex/subfig/subfig.sty
Package: subfig 2005/06/28 ver: 1.3 subfig package


Class memoir Warning: You are using the caption package with the memoir class. To prepare we will now reset all captioning macros and configurations to kernel defaults, and then let the caption package take over. Please remember to use the caption package interfaces in order to configure your captions. .

(/usr/local/texlive/2015/texmf-dist/tex/latex/caption/caption.sty
Package: caption 2013/05/02 v3.3-89 Customizing captions (AR)
 (/usr/local/texlive/2015/texmf-dist/tex/latex/caption/caption3.sty
Package: caption3 2013/05/02 v1.6-88 caption3 kernel (AR)
Package caption3 Info: TeX engine: e-TeX on input line 57.
\captionmargin=\dimen152
\captionmargin@=\dimen153
\captionwidth=\dimen154
\caption@tempdima=\dimen155
\caption@indent=\dimen156
\caption@parindent=\dimen157
\caption@hangindent=\dimen158
)
\c@ContinuedFloat=\count154
Package caption Info: float package is loaded.
Package caption Info: hyperref package is loaded.
)
\c@KVtest=\count155
\sf@farskip=\skip186
\sf@captopadj=\dimen159
\sf@capskip=\skip187
\sf@nearskip=\skip188
\c@subfigure=\count156
\c@subfigure@save=\count157
\c@subtable=\count158
\c@subtable@save=\count159
\sf@top=\skip189
\sf@bottom=\skip190
) (/usr/local/texlive/2015/texmf-dist/tex/latex/graphics/graphicx.sty
Package: graphicx 2014/10/28 v1.0g Enhanced LaTeX Graphics (DPC,SPQR)
 (/usr/local/texlive/2015/texmf-dist/tex/latex/graphics/graphics.sty
Package: graphics 2014/10/28 v1.0p Standard LaTeX Graphics (DPC,SPQR)
 (/usr/local/texlive/2015/texmf-dist/tex/latex/graphics/trig.sty
Package: trig 1999/03/16 v1.09 sin cos tan (DPC)
) (/usr/local/texlive/2015/texmf-dist/tex/latex/latexconfig/graphics.cfg
File: graphics.cfg 2010/04/23 v1.9 graphics configuration of TeX Live
)
Package graphics Info: Driver file: pdftex.def on input line 94.
 (/usr/local/texlive/2015/texmf-dist/tex/latex/pdftex-def/pdftex.def
File: pdftex.def 2011/05/27 v0.06d Graphics/color for pdfTeX
\Gread@gobject=\count160
))
\Gin@req@height=\dimen160
\Gin@req@width=\dimen161
) (/usr/local/texlive/2015/texmf-dist/tex/latex/graphics/color.sty
Package: color 2014/10/28 v1.1a Standard LaTeX Color (DPC)
 (/usr/local/texlive/2015/texmf-dist/tex/latex/latexconfig/color.cfg
File: color.cfg 2007/01/18 v1.5 color configuration of teTeX/TeXLive
)
Package color Info: Driver file: pdftex.def on input line 142.
) (/usr/local/texlive/2015/texmf-dist/tex/latex/makecell/makecell.sty
Package: makecell 2009/08/03 V0.1e Managing of Tab Column Heads and Cells
\rotheadsize=\dimen162
\c@nlinenum=\count161
\TeXr@lab=\toks27
) (/usr/local/texlive/2015/texmf-dist/tex/generic/dirtree/dirtree.sty
Package: dirtree 2012/12/11 v0.32 package wrapper for dirtree
 (/usr/local/texlive/2015/texmf-dist/tex/generic/dirtree/dirtree.tex `dirtree' v0.32, 2012/12/11 (jcc)
\DT@offset=\dimen163
\DT@width=\dimen164
\DT@sep=\dimen165
\DT@all=\dimen166
\DT@rulewidth=\dimen167
\DT@dotwidth=\dimen168
\DTbaselineskip=\dimen169
\DT@counti=\count162
\DT@countii=\count163
\DT@countiii=\count164
\DT@countiv=\count165
\DT@indent=\dimen170
\DT@parskip=\dimen171
\DT@baselineskip=\dimen172
)
File: dirtree.tex 2012/12/11 v0.32 `dirtree' (jcc)
) (/usr/local/texlive/2015/texmf-dist/tex/latex/tools/longtable.sty
Package: longtable 2014/10/28 v4.11 Multi-page Table package (DPC)
\LTleft=\skip191
\LTright=\skip192
\LTpre=\skip193
\LTpost=\skip194
\LTchunksize=\count166
\LTcapwidth=\dimen173
\LT@head=\box31
\LT@firsthead=\box32
\LT@foot=\box33
\LT@lastfoot=\box34
\LT@cols=\count167
\LT@rows=\count168
\c@LT@tables=\count169
\c@LT@chunks=\count170
\LT@p@ftn=\toks28
) (./TSWLatexianTemp_000433.aux)
\openout1 = `TSWLatexianTemp_000433.aux'.

LaTeX Font Info:    Checking defaults for OML/cmm/m/it on input line 52.
LaTeX Font Info:    ... okay on input line 52.
LaTeX Font Info:    Checking defaults for T1/cmr/m/n on input line 52.
LaTeX Font Info:    ... okay on input line 52.
LaTeX Font Info:    Checking defaults for OT1/cmr/m/n on input line 52.
LaTeX Font Info:    ... okay on input line 52.
LaTeX Font Info:    Checking defaults for OMS/cmsy/m/n on input line 52.
LaTeX Font Info:    ... okay on input line 52.
LaTeX Font Info:    Checking defaults for OMX/cmex/m/n on input line 52.
LaTeX Font Info:    ... okay on input line 52.
LaTeX Font Info:    Checking defaults for U/cmr/m/n on input line 52.
LaTeX Font Info:    ... okay on input line 52.
LaTeX Font Info:    Checking defaults for PD1/pdf/m/n on input line 52.
LaTeX Font Info:    ... okay on input line 52.
LaTeX Font Info:    Try loading font information for T1+lmr on input line 52.
 (/usr/local/texlive/2015/texmf-dist/tex/latex/lm/t1lmr.fd
File: t1lmr.fd 2009/10/30 v1.6 Font defs for Latin Modern
)
\AtBeginShipoutBox=\box35
Package hyperref Info: Link coloring OFF on input line 52.
 (/usr/local/texlive/2015/texmf-dist/tex/latex/hyperref/nameref.sty
Package: nameref 2012/10/27 v2.43 Cross-referencing by name of section
 (/usr/local/texlive/2015/texmf-dist/tex/generic/oberdiek/gettitlestring.sty
Package: gettitlestring 2010/12/03 v1.4 Cleanup title references (HO)
)
\c@section@level=\count171
)
Redoing nameref's sectioning
Redoing nameref's label
LaTeX Info: Redefining \nameref on input line 52.
LaTeX Info: Redefining \ref on input line 52.
LaTeX Info: Redefining \pageref on input line 52.
LaTeX Info: Redefining \nameref on input line 52.
(./TSWLatexianTemp_000433.out) (./TSWLatexianTemp_000433.out)
\@outlinefile=\write4
\openout4 = `TSWLatexianTemp_000433.out'.

Package caption Info: Begin \AtBeginDocument code.
Package caption Info: subfig package v1.3 is loaded.
Package caption Info: longtable package is loaded.
 (/usr/local/texlive/2015/texmf-dist/tex/latex/caption/ltcaption.sty
Package: ltcaption 2013/02/03 v1.3-62 longtable captions (AR)
)
Package caption Info: End \AtBeginDocument code.
 (/usr/local/texlive/2015/texmf-dist/tex/context/base/supp-pdf.mkii
[Loading MPS to PDF converter (version 2006.09.02).]
\scratchcounter=\count172
\scratchdimen=\dimen174
\scratchbox=\box36
\nofMPsegments=\count173
\nofMParguments=\count174
\everyMPshowfont=\toks29
\MPscratchCnt=\count175
\MPscratchDim=\dimen175
\MPnumerator=\count176
\makeMPintoPDFobject=\count177
\everyMPtoPDFconversion=\toks30
) (/usr/local/texlive/2015/texmf-dist/tex/latex/oberdiek/epstopdf-base.sty
Package: epstopdf-base 2010/02/09 v2.5 Base part for package epstopdf
 (/usr/local/texlive/2015/texmf-dist/tex/latex/oberdiek/grfext.sty
Package: grfext 2010/08/19 v1.1 Manage graphics extensions (HO)
)
Package grfext Info: Graphics extension search list:
(grfext)             [.png,.pdf,.jpg,.mps,.jpeg,.jbig2,.jb2,.PNG,.PDF,.JPG,.JPEG,.JBIG2,.JB2,.eps]
(grfext)             \AppendGraphicsExtensions on input line 452.
 (/usr/local/texlive/2015/texmf-dist/tex/latex/latexconfig/epstopdf-sys.cfg
File: epstopdf-sys.cfg 2010/07/13 v1.3 Configuration of (r)epstopdf for TeX Live
)) [1


{/usr/local/texlive/2015/texmf-var/fonts/map/pdftex/updmap/pdftex.map}] [2

]
LaTeX Font Info:    Try loading font information for OT1+lmr on input line 52.
 (/usr/local/texlive/2015/texmf-dist/tex/latex/lm/ot1lmr.fd
File: ot1lmr.fd 2009/10/30 v1.6 Font defs for Latin Modern
)
LaTeX Font Info:    Try loading font information for OML+lmm on input line 52.
 (/usr/local/texlive/2015/texmf-dist/tex/latex/lm/omllmm.fd
File: omllmm.fd 2009/10/30 v1.6 Font defs for Latin Modern
)
LaTeX Font Info:    Try loading font information for OMS+lmsy on input line 52.
 (/usr/local/texlive/2015/texmf-dist/tex/latex/lm/omslmsy.fd
File: omslmsy.fd 2009/10/30 v1.6 Font defs for Latin Modern
)
LaTeX Font Info:    Try loading font information for OMX+lmex on input line 52.
 (/usr/local/texlive/2015/texmf-dist/tex/latex/lm/omxlmex.fd
File: omxlmex.fd 2009/10/30 v1.6 Font defs for Latin Modern
)
LaTeX Font Info:    External font `lmex10' loaded for size
(Font)              <10.95> on input line 52.
LaTeX Font Info:    External font `lmex10' loaded for size
(Font)              <8> on input line 52.
LaTeX Font Info:    External font `lmex10' loaded for size
(Font)              <6> on input line 52.
 <cvut-logo-bw.pdf, id=130, 91.34125pt x 69.25874pt>
File: cvut-logo-bw.pdf Graphic file (type pdf)
 <use cvut-logo-bw.pdf>
Package pdftex.def Info: cvut-logo-bw.pdf used on input line 52.
(pdftex.def)             Requested size: 59.04135pt x 44.76717pt.
pdfTeX warning (ext4): destination with the same identifier (name{page.i}) has been already used, duplicate ignored
<to be read again> 
                   \relax 
l.52 \begin{document}
                      [1 <./cvut-logo-bw.pdf>]pdfTeX warning (ext4): destination with the same identifier (name{page.ii}) has been already used, duplicate ignored
<to be read again> 
                   \relax 
l.52 \begin{document}
                      [2

]

LaTeX Font Warning: Font shape `T1/lmr/bx/sc' undefined
(Font)              using `T1/lmr/bx/n' instead on input line 52.

LaTeX Font Info:    Try loading font information for T1+lmss on input line 52.
(/usr/local/texlive/2015/texmf-dist/tex/latex/lm/t1lmss.fd
File: t1lmss.fd 2009/10/30 v1.6 Font defs for Latin Modern
)

LaTeX Font Warning: Font shape `T1/lmss/bx/sc' undefined
(Font)              using `T1/lmss/bx/n' instead on input line 52.

[5

] [6

] [7]
LaTeX Font Info:    Try loading font information for OMS+lmr on input line 52.
 (/usr/local/texlive/2015/texmf-dist/tex/latex/lm/omslmr.fd
File: omslmr.fd 2009/10/30 v1.6 Font defs for Latin Modern
)
LaTeX Font Info:    Font shape `OMS/lmr/m/n' in size <10.95> not available
(Font)              Font shape `OMS/lmsy/m/n' tried instead on input line 52.
 [8

] [9

] [10

] (./TSWLatexianTemp_000433.toc [11]) [12] (./TSWLatexianTemp_000433.lof) [13

] [14

] (./TSWLatexianTemp_000433.lot) [15] [16

] (./uvod.tex [1

]

Class memoir Warning: The material used in the headers is too large
(14.1595pt) for the given head height (13.6pt), it is recommended to
either increase the head height or redesign the header
(in both cases you will find help in the memoir manual). on input line 25.


Overfull \vbox (0.5595pt too high) has occurred while \output is active []

 [2]) [3] [4

]

Package hyperref Warning: Composite letter `\textring+u'
(hyperref)                not defined in PD1 encoding,
(hyperref)                removing `\textring' on input line 61.

(./kapitola1.tex

Package hyperref Warning: Composite letter `\textasciicaron+r'
(hyperref)                not defined in PD1 encoding,
(hyperref)                removing `\textasciicaron' on input line 1.


Package hyperref Warning: Composite letter `\textring+u'
(hyperref)                not defined in PD1 encoding,
(hyperref)                removing `\textring' on input line 1.

LaTeX Font Info:    External font `lmex10' loaded for size
(Font)              <9> on input line 12.
LaTeX Font Info:    External font `lmex10' loaded for size
(Font)              <5> on input line 12.
[5]

Package hyperref Warning: Composite letter `\textasciicaron+r'
(hyperref)                not defined in PD1 encoding,
(hyperref)                removing `\textasciicaron' on input line 16.


Package hyperref Warning: Composite letter `\textring+u'
(hyperref)                not defined in PD1 encoding,
(hyperref)                removing `\textring' on input line 16.


Package hyperref Warning: Composite letter `\textasciicaron+r'
(hyperref)                not defined in PD1 encoding,
(hyperref)                removing `\textasciicaron' on input line 16.


Package hyperref Warning: Composite letter `\textring+u'
(hyperref)                not defined in PD1 encoding,
(hyperref)                removing `\textring' on input line 16.


Overfull \hbox (0.28082pt too wide) in paragraph at lines 25--26
[]\T1/lmr/m/n/10.95 P°ístup ozna-£o-vaný jako \T1/lmr/m/it/10.95 To-tal Qua-lity Ma-nage-ment (TQM)\T1/lmr/m/n/10.95 , který zejména
 []

[6]

Package hyperref Warning: Composite letter `\textring+u'
(hyperref)                not defined in PD1 encoding,
(hyperref)                removing `\textring' on input line 35.

[7] [8] [9] [10] <obrazky/processLifecycle.png, id=403, 602.25pt x 468.75125pt>
File: obrazky/processLifecycle.png Graphic file (type png)
 <use obrazky/processLifecycle.png>
Package pdftex.def Info: obrazky/processLifecycle.png used on input line 151.
(pdftex.def)             Requested size: 369.0pt x 287.21814pt.
 [11 <./obrazky/processLifecycle.png>]
Overfull \hbox (45.45464pt too wide) in paragraph at lines 169--179
 [][] 
 []


Underfull \vbox (badness 10000) has occurred while \output is active []

 [12] [13]) [14]

Package hyperref Warning: Composite letter `\textring+u'
(hyperref)                not defined in PD1 encoding,
(hyperref)                removing `\textring' on input line 64.

(./kapitola2.tex

Package hyperref Warning: Composite letter `\textring+u'
(hyperref)                not defined in PD1 encoding,
(hyperref)                removing `\textring' on input line 1.

[15

] <obrazky/flowchart.png, id=451, 639.1077pt x 294.1389pt>
File: obrazky/flowchart.png Graphic file (type png)
 <use obrazky/flowchart.png>
Package pdftex.def Info: obrazky/flowchart.png used on input line 39.
(pdftex.def)             Requested size: 369.0pt x 169.8287pt.
 [16] [17 <./obrazky/flowchart.png>]
Package epstopdf Info: Source file: <obrazky/bpmn-order-process.eps>
(epstopdf)                    date: 2016-01-10 18:37:13
(epstopdf)                    size: 165291 bytes
(epstopdf)             Output file: <obrazky/bpmn-order-process-eps-converted-to.pdf>
(epstopdf)                    date: 2016-01-10 18:37:48
(epstopdf)                    size: 47974 bytes
(epstopdf)             Command: <epstopdf --outfile=obrazky/bpmn-order-process-eps-converted-to.pdf obrazky/bpmn-order-process.eps>
(epstopdf)             \includegraphics on input line 62.
Package epstopdf Info: Output file is already uptodate.
 <obrazky/bpmn-order-process-eps-converted-to.pdf, id=467, 830.10126pt x 461.725pt>
File: obrazky/bpmn-order-process-eps-converted-to.pdf Graphic file (type pdf)
 <use obrazky/bpmn-order-process-eps-converted-to.pdf>
Package pdftex.def Info: obrazky/bpmn-order-process-eps-converted-to.pdf used on input line 62.
(pdftex.def)             Requested size: 369.0pt x 205.24504pt.
 [18 <./obrazky/bpmn-order-process-eps-converted-to.pdf>]
Overfull \hbox (2.37195pt too wide) in paragraph at lines 75--76
\T1/lmr/m/n/10.95 Organizace OMG, která BPMN nyní spra-vuje, uvádí jako hlavní po-slání BPMN
 []

[19] [20] <obrazky/uml_nakupniproces.png, id=532, 507.3354pt x 287.3937pt>
File: obrazky/uml_nakupniproces.png Graphic file (type png)
 <use obrazky/uml_nakupniproces.png>
Package pdftex.def Info: obrazky/uml_nakupniproces.png used on input line 111.
(pdftex.def)             Requested size: 369.0pt x 209.037pt.
 [21 <./obrazky/uml_nakupniproces.png>] [22] [23] [24]
Overfull \hbox (91.73851pt too wide) in alignment at lines 202--207
 [] [] [] [] [] 
 []


Overfull \hbox (91.73851pt too wide) in alignment at lines 207--213
 [] [] [] [] [] 
 []


Overfull \hbox (91.73851pt too wide) in alignment at lines 213--215
 [] [] [] [] [] 
 []


Overfull \hbox (91.73851pt too wide) in alignment at lines 215--217
 [] [] [] [] [] 
 []


Underfull \hbox (badness 8038) in paragraph at lines 219--219
[]|\T1/lmr/m/n/10.95 Pouºívá se pro
 []


Underfull \hbox (badness 3492) in paragraph at lines 219--219
\T1/lmr/m/n/10.95 mo-de-lo-vání pod-
 []


Underfull \hbox (badness 10000) in paragraph at lines 219--219
\T1/lmr/m/n/10.95 pra-cov-ních po-
 []


Underfull \hbox (badness 10000) in paragraph at lines 219--219
\T1/lmr/m/n/10.95 stup·, krok·
 []


Underfull \hbox (badness 8038) in paragraph at lines 219--219
[]|\T1/lmr/m/n/10.95 Pouºívá se pro
 []


Underfull \hbox (badness 10000) in paragraph at lines 219--219
\T1/lmr/m/n/10.95 soft-waru, krok·
 []


Underfull \hbox (badness 5217) in paragraph at lines 219--219
\T1/lmr/m/n/10.95 al-go-ritmu, in-ter-
 []


Underfull \hbox (badness 3029) in paragraph at lines 219--219
\T1/lmr/m/n/10.95 akce uºi-va-tele s
 []


Underfull \hbox (badness 10000) in paragraph at lines 219--219
\T1/lmr/m/n/10.95 apli-kací, or-ga-ni-
 []


Underfull \hbox (badness 10000) in paragraph at lines 219--219
\T1/lmr/m/n/10.95 za£ní struk-tury,
 []


Underfull \hbox (badness 10000) in paragraph at lines 219--219
\T1/lmr/m/n/10.95 da-to-vých tok·,
 []


Underfull \hbox (badness 10000) in paragraph at lines 219--219
\T1/lmr/m/n/10.95 roz-ho-do-va-cích
 []


Underfull \hbox (badness 10000) in paragraph at lines 219--219
\T1/lmr/m/n/10.95 váno ex-klu-zivn¥
 []


Underfull \hbox (badness 10000) in paragraph at lines 219--219
\T1/lmr/m/n/10.95 pro mo-de-lo-vání
 []


Underfull \hbox (badness 10000) in paragraph at lines 219--219
\T1/lmr/m/n/10.95 od-v¥tví. Verze
 []


Underfull \hbox (badness 2401) in paragraph at lines 219--219
\T1/lmr/m/n/10.95 2.0 na-víc na-bízí
 []


Underfull \hbox (badness 4072) in paragraph at lines 219--219
\T1/lmr/m/n/10.95 v¥t²í pod-poru i
 []


Underfull \hbox (badness 10000) in paragraph at lines 219--219
\T1/lmr/m/n/10.95 pro-ces· po-mocí
 []


Underfull \hbox (badness 4765) in paragraph at lines 219--219
\T1/lmr/m/n/10.95 k zob-ra-zení zá-
 []


Underfull \hbox (badness 10000) in paragraph at lines 219--219
\T1/lmr/m/n/10.95 uvnit° or-ga-ni-
 []


Underfull \hbox (badness 6236) in paragraph at lines 219--219
\T1/lmr/m/n/10.95 zace, m·ºe být
 []


Underfull \hbox (badness 3049) in paragraph at lines 219--219
\T1/lmr/m/n/10.95 tak vy-u-ºito pro
 []


Underfull \hbox (badness 4765) in paragraph at lines 219--219
\T1/lmr/m/n/10.95 její ná-vrh nebo
 []


Underfull \hbox (badness 10000) in paragraph at lines 219--219
\T1/lmr/m/n/10.95 dely vy-tvo-°ené
 []


Underfull \hbox (badness 10000) in paragraph at lines 219--219
\T1/lmr/m/n/10.95 v DEMO jsou
 []


Underfull \hbox (badness 4001) in paragraph at lines 219--219
\T1/lmr/m/n/10.95 rov-n¥º vhod-ným
 []


Underfull \hbox (badness 10000) in paragraph at lines 219--219
\T1/lmr/m/n/10.95 zá-kla-dem pro
 []


Overfull \hbox (6.05911pt too wide) in paragraph at lines 221--221
[]|\T1/lmr/bx/n/10.95 Dostupnost
 []


Underfull \hbox (badness 10000) in paragraph at lines 221--221
\T1/lmr/m/n/10.95 pro mo-de-lo-vání
 []


Underfull \hbox (badness 10000) in paragraph at lines 221--221
\T1/lmr/m/n/10.95 vý-vo-jo-vých di-a-
 []


Underfull \hbox (badness 1838) in paragraph at lines 221--221
\T1/lmr/m/n/10.95 gram· a to jak
 []


Underfull \hbox (badness 10000) in paragraph at lines 221--221
\T1/lmr/m/n/10.95 tak ko-mer£-ních.
 []


Underfull \hbox (badness 10000) in paragraph at lines 221--221
[]|\T1/lmr/m/n/10.95 Pro UML je
 []


Underfull \hbox (badness 10000) in paragraph at lines 221--221
\T1/lmr/m/n/10.95 do-stupné velké
 []


Underfull \hbox (badness 10000) in paragraph at lines 221--221
\T1/lmr/m/n/10.95 i ko-mer£-ního
 []


Underfull \hbox (badness 10000) in paragraph at lines 221--221
[]|\T1/lmr/m/n/10.95 Modelování v
 []

LaTeX Font Info:    Try loading font information for T1+lmtt on input line 221.
(/usr/local/texlive/2015/texmf-dist/tex/latex/lm/t1lmtt.fd
File: t1lmtt.fd 2009/10/30 v1.6 Font defs for Latin Modern
)
Underfull \hbox (badness 10000) in paragraph at lines 221--221
[]|\T1/lmr/m/n/10.95 Aplikací, které
 []


Underfull \hbox (badness 2486) in paragraph at lines 221--221
\T1/lmr/m/n/10.95 pod-po-rují mo-de-
 []


Underfull \hbox (badness 2005) in paragraph at lines 221--221
\T1/lmr/m/n/10.95 lo-vání v DEMO
 []


Underfull \hbox (badness 10000) in paragraph at lines 221--221
\T1/lmr/m/n/10.95 jed-notky. Je-jich
 []


Underfull \hbox (badness 10000) in paragraph at lines 221--221
\T1/lmr/m/n/10.95 vý-£et je do-
 []


Underfull \hbox (badness 1789) in paragraph at lines 221--221
\T1/lmr/m/n/10.95 stupný na webu
 []


Underfull \hbox (badness 10000) in paragraph at lines 221--221
[]$\T1/lmtt/m/n/10.95 http : / / www\OML/lmm/m/it/10.95 :\T1/lmtt/m/n/10.95 ee -[]
 []


Underfull \hbox (badness 10000) in paragraph at lines 221--221
\T1/lmtt/m/n/10.95 institute\OML/lmm/m/it/10.95 :\T1/lmtt/m/n/10.95 org$[]\T1/lmr/m/n/10.95 .
 []


Underfull \hbox (badness 4899) in paragraph at lines 221--221
\T1/lmr/m/n/10.95 Jsou mezi nimi
 []


Overfull \hbox (6.05911pt too wide) in paragraph at lines 223--223
[]|\T1/lmr/bx/n/10.95 Dostupnost
 []


Underfull \hbox (badness 1067) in paragraph at lines 223--223
\T1/lmr/m/n/10.95 ne-e-xis-tence stan-
 []


Underfull \hbox (badness 10000) in paragraph at lines 223--223
\T1/lmr/m/n/10.95 tové po-pu-la-rit¥
 []


Underfull \hbox (badness 2680) in paragraph at lines 223--223
\T1/lmr/m/n/10.95 exis-tuje o UML
 []


Underfull \hbox (badness 10000) in paragraph at lines 223--223
\T1/lmr/m/n/10.95 opravdu velké
 []


Underfull \hbox (badness 10000) in paragraph at lines 223--223
\T1/lmr/m/n/10.95 mnoº-ství li-te-ra-
 []


Underfull \hbox (badness 6364) in paragraph at lines 223--223
\T1/lmr/m/n/10.95 tury. P°ímo na
 []


Underfull \hbox (badness 1194) in paragraph at lines 223--223
\T1/lmtt/m/n/10.95 / / www\OML/lmm/m/it/10.95 :\T1/lmtt/m/n/10.95 omg\OML/lmm/m/it/10.95 :\T1/lmtt/m/n/10.95 org$[] \T1/lmr/m/n/10.95 je
 []


Underfull \hbox (badness 4416) in paragraph at lines 223--223
\T1/lmr/m/n/10.95 k dis-po-zici celá
 []


Underfull \hbox (badness 10000) in paragraph at lines 223--223
[]|\T1/lmr/m/n/10.95 O BPMN se
 []


Underfull \hbox (badness 10000) in paragraph at lines 223--223
\T1/lmr/m/n/10.95 (stejn¥ jako o
 []


Underfull \hbox (badness 3108) in paragraph at lines 223--223
\T1/lmr/m/n/10.95 UML) stará or-
 []


Underfull \hbox (badness 10000) in paragraph at lines 223--223
\T1/lmr/m/n/10.95 ga-ni-zace OMG.
 []


Underfull \hbox (badness 10000) in paragraph at lines 223--223
\T1/lmr/m/n/10.95 velké mnoº-ství
 []


Underfull \hbox (badness 10000) in paragraph at lines 223--223
\T1/lmr/m/n/10.95 do-stupné li-te-ra-
 []


Underfull \hbox (badness 5563) in paragraph at lines 223--223
[]|\T1/lmr/m/n/10.95 Literatury za-bý-
 []


Underfull \hbox (badness 7504) in paragraph at lines 223--223
\T1/lmr/m/n/10.95 lo-gií DEMO je
 []


Underfull \hbox (badness 2126) in paragraph at lines 223--223
\T1/lmr/m/n/10.95 málo. Vý-znamná
 []


Underfull \hbox (badness 3482) in paragraph at lines 223--223
\T1/lmr/m/n/10.95 £ást je na-psaná
 []


Underfull \hbox (badness 10000) in paragraph at lines 223--223
\T1/lmr/m/n/10.95 p°ímo au-to-rem
 []


Underfull \hbox (badness 4673) in paragraph at lines 223--223
\T1/lmr/m/n/10.95 celé me-to-do-lo-gie
 []


Underfull \hbox (badness 10000) in paragraph at lines 223--223
\T1/lmr/m/n/10.95 Ja-nem Di-e-t-
 []


Underfull \hbox (badness 10000) in paragraph at lines 223--223
\T1/lmr/m/n/10.95 zem. Zá-kladní
 []


Underfull \hbox (badness 3758) in paragraph at lines 223--223
\T1/lmr/m/n/10.95 li-te-ra-tura se dá
 []


Underfull \hbox (badness 10000) in paragraph at lines 223--223
[]$\T1/lmtt/m/n/10.95 http : / / www\OML/lmm/m/it/10.95 :\T1/lmtt/m/n/10.95 ee -[]
 []


Underfull \hbox (badness 10000) in paragraph at lines 223--223
\T1/lmr/m/n/10.95 an-g-lic-kém nebo
 []


Underfull \hbox (badness 10000) in paragraph at lines 223--223
\T1/lmr/m/n/10.95 v ho-land-ském
 []


Underfull \hbox (badness 10000) in paragraph at lines 225--225
[]|\T1/lmr/bx/n/10.95 Velikost
 []


Underfull \hbox (badness 1838) in paragraph at lines 225--225
\T1/lmr/m/n/10.95 ºe na roz-díl od
 []


Underfull \hbox (badness 10000) in paragraph at lines 225--225
\T1/lmr/m/n/10.95 ne-e-xis-tuje or-ga-
 []


Underfull \hbox (badness 1810) in paragraph at lines 225--225
\T1/lmr/m/n/10.95 ni-zace, která by
 []


Underfull \hbox (badness 1107) in paragraph at lines 225--225
\T1/lmr/m/n/10.95 se sta-rala o vý-
 []


Underfull \hbox (badness 2088) in paragraph at lines 225--225
\T1/lmr/m/n/10.95 vo-jové di-a-gramy,
 []


Underfull \hbox (badness 10000) in paragraph at lines 225--225
\T1/lmr/m/n/10.95 p°í-pad¥ ho-vo-°it
 []


Underfull \hbox (badness 10000) in paragraph at lines 225--225
\T1/lmr/m/n/10.95 iden-ti-fi-ko-va-telné
 []


Underfull \hbox (badness 2990) in paragraph at lines 225--225
\T1/lmr/m/n/10.95 ko-mu-nity aka-de-
 []


Underfull \hbox (badness 4608) in paragraph at lines 225--225
\T1/lmr/m/n/10.95 mik·, or-ga-ni-zací
 []


Underfull \hbox (badness 10000) in paragraph at lines 225--225
\T1/lmr/m/n/10.95 nebo au-tor·
 []


Underfull \hbox (badness 4060) in paragraph at lines 225--225
[]|\T1/lmr/m/n/10.95 Komunita ko-lem
 []


Underfull \hbox (badness 4872) in paragraph at lines 225--225
\T1/lmr/m/n/10.95 UML je ²i-roká.
 []


Underfull \hbox (badness 4634) in paragraph at lines 225--225
\T1/lmr/m/n/10.95 UML je vy-u-£o-
 []


Underfull \hbox (badness 1661) in paragraph at lines 225--225
\T1/lmr/m/n/10.95 zici velké mnoº-
 []


Underfull \hbox (badness 3758) in paragraph at lines 225--225
\T1/lmr/m/n/10.95 ství li-te-ra-tury i
 []


Underfull \hbox (badness 10000) in paragraph at lines 225--225
\T1/lmr/m/n/10.95 lek-tor· i or-ga-
 []


Underfull \hbox (badness 6125) in paragraph at lines 225--225
\T1/lmr/m/n/10.95 ni-zací, které se
 []


Underfull \hbox (badness 2088) in paragraph at lines 225--225
\T1/lmr/m/n/10.95 za-bý-vají tvor-bou
 []


Underfull \hbox (badness 4060) in paragraph at lines 225--225
[]|\T1/lmr/m/n/10.95 Komunita ko-lem
 []


Underfull \hbox (badness 2608) in paragraph at lines 225--225
\T1/lmr/m/n/10.95 hlavn¥ z aka-de-
 []


Underfull \hbox (badness 5133) in paragraph at lines 225--225
\T1/lmr/m/n/10.95 mic-kých obcí v
 []


Underfull \hbox (badness 4416) in paragraph at lines 225--225
\T1/lmr/m/n/10.95 exis-tuje i n¥-ko-
 []


Underfull \hbox (badness 2401) in paragraph at lines 225--225
\T1/lmr/m/n/10.95 je ko-mu-nita ko-
 []


Underfull \hbox (badness 10000) in paragraph at lines 229--230
[]
 []


Overfull \hbox (4.09683pt too wide) in paragraph at lines 229--230
\T1/lmr/m/n/10.95 Srozumitelné
 []


Underfull \hbox (badness 10000) in paragraph at lines 229--230
\T1/lmr/m/n/10.95 r·z-ným
 []


Underfull \hbox (badness 10000) in paragraph at lines 229--230
\T1/lmr/m/n/10.95 ty-p·m
 []


Underfull \hbox (badness 10000) in paragraph at lines 230--231
[]\T1/lmr/m/n/10.95 P°ímo£aré
 []


Underfull \hbox (badness 10000) in paragraph at lines 231--232
[]\T1/lmr/m/n/10.95 Dobrá do-
 []


Underfull \hbox (badness 10000) in paragraph at lines 231--232
\T1/lmr/m/n/10.95 stup-nost
 []


Underfull \hbox (badness 10000) in paragraph at lines 231--232
\T1/lmr/m/n/10.95 ná-stroj·
 []


Underfull \hbox (badness 10000) in paragraph at lines 231--232
\T1/lmr/m/n/10.95 pod-po-
 []


Underfull \hbox (badness 10000) in paragraph at lines 231--232
\T1/lmr/m/n/10.95 ru-jí-cích
 []


Underfull \hbox (badness 10000) in paragraph at lines 234--235
\T1/lmr/m/n/10.95 ných typ·
 []


Underfull \hbox (badness 10000) in paragraph at lines 235--236
[]\T1/lmr/m/n/10.95 Standard,
 []


Underfull \hbox (badness 10000) in paragraph at lines 235--236
\T1/lmr/m/n/10.95 který je
 []


Underfull \hbox (badness 10000) in paragraph at lines 236--237
[]\T1/lmr/m/n/10.95 Dobrá do-
 []


Underfull \hbox (badness 10000) in paragraph at lines 236--237
\T1/lmr/m/n/10.95 stup-nost
 []


Underfull \hbox (badness 10000) in paragraph at lines 236--237
\T1/lmr/m/n/10.95 ná-stroj·
 []


Underfull \hbox (badness 10000) in paragraph at lines 236--237
\T1/lmr/m/n/10.95 pod-po-
 []


Underfull \hbox (badness 10000) in paragraph at lines 236--237
\T1/lmr/m/n/10.95 ru-jí-cích
 []


Underfull \hbox (badness 10000) in paragraph at lines 237--238
[]\T1/lmr/m/n/10.95 Moºnost
 []


Underfull \hbox (badness 10000) in paragraph at lines 237--238
\T1/lmr/m/n/10.95 mo-dely
 []


Underfull \hbox (badness 10000) in paragraph at lines 237--238
\T1/lmr/m/n/10.95 jed-no-du²e
 []


Underfull \hbox (badness 10000) in paragraph at lines 237--238
\T1/lmr/m/n/10.95 im-ple-
 []


Underfull \hbox (badness 10000) in paragraph at lines 237--238
\T1/lmr/m/n/10.95 men-to-vat
 []


Underfull \hbox (badness 7777) in paragraph at lines 237--238
\T1/lmr/m/n/10.95 po-mocí IT
 []


Underfull \hbox (badness 10000) in paragraph at lines 240--241
[]\T1/lmr/m/n/10.95 Notace
 []


Underfull \hbox (badness 10000) in paragraph at lines 240--241
\T1/lmr/m/n/10.95 za-m¥-°ená
 []


Underfull \hbox (badness 10000) in paragraph at lines 240--241
\T1/lmr/m/n/10.95 vý-hradn¥
 []


Underfull \hbox (badness 10000) in paragraph at lines 240--241
\T1/lmr/m/n/10.95 na mo-
 []


Underfull \hbox (badness 10000) in paragraph at lines 240--241
\T1/lmr/m/n/10.95 de-lo-vání
 []


Underfull \hbox (badness 10000) in paragraph at lines 240--241
\T1/lmr/m/n/10.95 pod-ni-
 []


Underfull \hbox (badness 10000) in paragraph at lines 240--241
\T1/lmr/m/n/10.95 ko-vých
 []


Underfull \hbox (badness 10000) in paragraph at lines 241--242
[]\T1/lmr/m/n/10.95 Standard,
 []


Underfull \hbox (badness 10000) in paragraph at lines 241--242
\T1/lmr/m/n/10.95 který je
 []


Underfull \hbox (badness 10000) in paragraph at lines 242--243
[]\T1/lmr/m/n/10.95 Dobrá do-
 []


Underfull \hbox (badness 10000) in paragraph at lines 242--243
\T1/lmr/m/n/10.95 stup-nost
 []


Underfull \hbox (badness 10000) in paragraph at lines 242--243
\T1/lmr/m/n/10.95 ná-stroj·
 []


Underfull \hbox (badness 10000) in paragraph at lines 242--243
\T1/lmr/m/n/10.95 pod-po-
 []


Underfull \hbox (badness 10000) in paragraph at lines 242--243
\T1/lmr/m/n/10.95 ru-jí-cích
 []


Underfull \hbox (badness 10000) in paragraph at lines 243--244
[]\T1/lmr/m/n/10.95 Moºnost
 []


Underfull \hbox (badness 10000) in paragraph at lines 243--244
\T1/lmr/m/n/10.95 mo-dely
 []


Underfull \hbox (badness 10000) in paragraph at lines 243--244
\T1/lmr/m/n/10.95 jed-no-du²e
 []


Underfull \hbox (badness 10000) in paragraph at lines 243--244
\T1/lmr/m/n/10.95 im-ple-
 []


Underfull \hbox (badness 10000) in paragraph at lines 243--244
\T1/lmr/m/n/10.95 men-to-vat
 []


Underfull \hbox (badness 7777) in paragraph at lines 243--244
\T1/lmr/m/n/10.95 po-mocí IT
 []


Underfull \hbox (badness 10000) in paragraph at lines 247--248
[]
 []


Overfull \hbox (11.57983pt too wide) in paragraph at lines 247--248
\T1/lmr/m/n/10.95 Jednozna£nost
 []


Underfull \hbox (badness 10000) in paragraph at lines 247--248
\T1/lmr/m/n/10.95 a kon-
 []


Underfull \hbox (badness 10000) in paragraph at lines 247--248
\T1/lmr/m/n/10.95 zis-tence
 []


Underfull \hbox (badness 10000) in paragraph at lines 248--249
[]\T1/lmr/m/n/10.95 Abstrahuje
 []


Underfull \hbox (badness 10000) in paragraph at lines 248--249
\T1/lmr/m/n/10.95 od im-ple-
 []


Underfull \hbox (badness 10000) in paragraph at lines 248--249
\T1/lmr/m/n/10.95 men-ta£-ních
 []


Overfull \hbox (91.73851pt too wide) in alignment at lines 217--250
 [] [] [] [] [] 
 []

[25] [26]) [27] [28

] (./kapitola3.tex [29] [30] [31] [32]
Package epstopdf Info: Source file: <obrazky/activity.eps>
(epstopdf)                    date: 2016-01-07 17:35:30
(epstopdf)                    size: 37541 bytes
(epstopdf)             Output file: <obrazky/activity-eps-converted-to.pdf>
(epstopdf)                    date: 2016-01-07 17:37:20
(epstopdf)                    size: 5171 bytes
(epstopdf)             Command: <epstopdf --outfile=obrazky/activity-eps-converted-to.pdf obrazky/activity.eps>
(epstopdf)             \includegraphics on input line 91.
Package epstopdf Info: Output file is already uptodate.
 <obrazky/activity-eps-converted-to.pdf, id=648, 116.435pt x 86.3225pt>
File: obrazky/activity-eps-converted-to.pdf Graphic file (type pdf)
 <use obrazky/activity-eps-converted-to.pdf>
Package pdftex.def Info: obrazky/activity-eps-converted-to.pdf used on input line 91.
(pdftex.def)             Requested size: 116.43471pt x 86.32227pt.
 [33 <./obrazky/activity-eps-converted-to.pdf>]
Package epstopdf Info: Source file: <obrazky/gateway-types.eps>
(epstopdf)                    date: 2016-01-07 17:56:30
(epstopdf)                    size: 81322 bytes
(epstopdf)             Output file: <obrazky/gateway-types-eps-converted-to.pdf>
(epstopdf)                    date: 2016-01-07 17:57:38
(epstopdf)                    size: 22912 bytes
(epstopdf)             Command: <epstopdf --outfile=obrazky/gateway-types-eps-converted-to.pdf obrazky/gateway-types.eps>
(epstopdf)             \includegraphics on input line 110.
Package epstopdf Info: Output file is already uptodate.
 <obrazky/gateway-types-eps-converted-to.pdf, id=665, 852.18375pt x 179.67125pt>
File: obrazky/gateway-types-eps-converted-to.pdf Graphic file (type pdf)
 <use obrazky/gateway-types-eps-converted-to.pdf>
Package pdftex.def Info: obrazky/gateway-types-eps-converted-to.pdf used on input line 110.
(pdftex.def)             Requested size: 852.18166pt x 179.67079pt.

Overfull \hbox (483.18166pt too wide) in paragraph at lines 110--111
 [][] 
 []

[34 <./obrazky/gateway-types-eps-converted-to.pdf>]
Package epstopdf Info: Source file: <obrazky/start-events.eps>
(epstopdf)                    date: 2016-01-07 20:04:51
(epstopdf)                    size: 69327 bytes
(epstopdf)             Output file: <obrazky/start-events-eps-converted-to.pdf>
(epstopdf)                    date: 2016-01-07 20:05:17
(epstopdf)                    size: 17329 bytes
(epstopdf)             Command: <epstopdf --outfile=obrazky/start-events-eps-converted-to.pdf obrazky/start-events.eps>
(epstopdf)             \includegraphics on input line 145.
Package epstopdf Info: Output file is already uptodate.
 <obrazky/start-events-eps-converted-to.pdf, id=696, 254.9525pt x 149.55875pt>
File: obrazky/start-events-eps-converted-to.pdf Graphic file (type pdf)
 <use obrazky/start-events-eps-converted-to.pdf>
Package pdftex.def Info: obrazky/start-events-eps-converted-to.pdf used on input line 145.
(pdftex.def)             Requested size: 254.95186pt x 149.55838pt.

Underfull \vbox (badness 1237) has occurred while \output is active []

 [35]
Package epstopdf Info: Source file: <obrazky/end-events.eps>
(epstopdf)                    date: 2016-01-07 20:20:26
(epstopdf)                    size: 59546 bytes
(epstopdf)             Output file: <obrazky/end-events-eps-converted-to.pdf>
(epstopdf)                    date: 2016-01-07 20:20:43
(epstopdf)                    size: 14225 bytes
(epstopdf)             Command: <epstopdf --outfile=obrazky/end-events-eps-converted-to.pdf obrazky/end-events.eps>
(epstopdf)             \includegraphics on input line 160.
Package epstopdf Info: Output file is already uptodate.
 <obrazky/end-events-eps-converted-to.pdf, id=705, 300.12125pt x 83.31125pt>
File: obrazky/end-events-eps-converted-to.pdf Graphic file (type pdf)
 <use obrazky/end-events-eps-converted-to.pdf>
Package pdftex.def Info: obrazky/end-events-eps-converted-to.pdf used on input line 160.
(pdftex.def)             Requested size: 300.12051pt x 83.31104pt.
 [36 <./obrazky/start-events-eps-converted-to.pdf> <./obrazky/end-events-eps-converted-to.pdf>]
Package epstopdf Info: Source file: <obrazky/intermediate-events-signals-messages.eps>
(epstopdf)                    date: 2016-01-10 23:00:43
(epstopdf)                    size: 110172 bytes
(epstopdf)             Output file: <obrazky/intermediate-events-signals-messages-eps-converted-to.pdf>
(epstopdf)                    date: 2016-01-10 23:01:22
(epstopdf)                    size: 30093 bytes
(epstopdf)             Command: <epstopdf --outfile=obrazky/intermediate-events-signals-messages-eps-converted-to.pdf obrazky/intermediate-events-signals-messages.eps>
(epstopdf)             \includegraphics on input line 178.
Package epstopdf Info: Output file is already uptodate.
 <obrazky/intermediate-events-signals-messages-eps-converted-to.pdf, id=748, 392.46625pt x 141.52875pt>
File: obrazky/intermediate-events-signals-messages-eps-converted-to.pdf Graphic file (type pdf)
 <use obrazky/intermediate-events-signals-messages-eps-converted-to.pdf>
Package pdftex.def Info: obrazky/intermediate-events-signals-messages-eps-converted-to.pdf used on input line 178.
(pdftex.def)             Requested size: 392.46527pt x 141.5284pt.

Overfull \hbox (23.46527pt too wide) in paragraph at lines 178--179
 [][] 
 []

[37 <./obrazky/intermediate-events-signals-messages-eps-converted-to.pdf>]
Package epstopdf Info: Source file: <obrazky/pool-swimming_lane.eps>
(epstopdf)                    date: 2016-01-07 21:05:01
(epstopdf)                    size: 75667 bytes
(epstopdf)             Output file: <obrazky/pool-swimming_lane-eps-converted-to.pdf>
(epstopdf)                    date: 2016-01-10 02:31:44
(epstopdf)                    size: 9629 bytes
(epstopdf)             Command: <epstopdf --outfile=obrazky/pool-swimming_lane-eps-converted-to.pdf obrazky/pool-swimming_lane.eps>
(epstopdf)             \includegraphics on input line 207.
Package epstopdf Info: Output file is already uptodate.
 <obrazky/pool-swimming_lane-eps-converted-to.pdf, id=776, 445.665pt x 375.4025pt>
File: obrazky/pool-swimming_lane-eps-converted-to.pdf Graphic file (type pdf)
 <use obrazky/pool-swimming_lane-eps-converted-to.pdf>
Package pdftex.def Info: obrazky/pool-swimming_lane-eps-converted-to.pdf used on input line 207.
(pdftex.def)             Requested size: 311.96336pt x 262.77995pt.

Underfull \vbox (badness 10000) has occurred while \output is active []

 [38] [39 <./obrazky/pool-swimming_lane-eps-converted-to.pdf>]
Package epstopdf Info: Source file: <obrazky/data-object-store.eps>
(epstopdf)                    date: 2016-01-07 21:59:55
(epstopdf)                    size: 51710 bytes
(epstopdf)             Output file: <obrazky/data-object-store-eps-converted-to.pdf>
(epstopdf)                    date: 2016-01-07 22:01:36
(epstopdf)                    size: 9946 bytes
(epstopdf)             Command: <epstopdf --outfile=obrazky/data-object-store-eps-converted-to.pdf obrazky/data-object-store.eps>
(epstopdf)             \includegraphics on input line 226.
Package epstopdf Info: Output file is already uptodate.
 <obrazky/data-object-store-eps-converted-to.pdf, id=795, 240.9pt x 115.43124pt>
File: obrazky/data-object-store-eps-converted-to.pdf Graphic file (type pdf)
 <use obrazky/data-object-store-eps-converted-to.pdf>
Package pdftex.def Info: obrazky/data-object-store-eps-converted-to.pdf used on input line 226.
(pdftex.def)             Requested size: 168.62883pt x 80.80132pt.


Package hyperref Warning: Composite letter `\textring+u'
(hyperref)                not defined in PD1 encoding,
(hyperref)                removing `\textring' on input line 250.

[40 <./obrazky/data-object-store-eps-converted-to.pdf>] [41]) [42] (./kapitola4.tex [43

] [44]
LaTeX Font Info:    External font `lmex10' loaded for size
(Font)              <14.4> on input line 49.
LaTeX Font Info:    External font `lmex10' loaded for size
(Font)              <10> on input line 49.
LaTeX Font Info:    External font `lmex10' loaded for size
(Font)              <7> on input line 49.


Package hyperref Warning: Token not allowed in a PDF string (PDFDocEncoding):
(hyperref)                removing `math shift' on input line 49.


Package hyperref Warning: Token not allowed in a PDF string (PDFDocEncoding):
(hyperref)                removing `\Psi' on input line 49.


Package hyperref Warning: Token not allowed in a PDF string (PDFDocEncoding):
(hyperref)                removing `math shift' on input line 49.

[45] <obrazky/operation-axiom.pdf, id=881, 1155.31625pt x 358.33875pt>
File: obrazky/operation-axiom.pdf Graphic file (type pdf)
 <use obrazky/operation-axiom.pdf>
Package pdftex.def Info: obrazky/operation-axiom.pdf used on input line 86.
(pdftex.def)             Requested size: 346.59755pt x 107.50244pt.
 [46 <./obrazky/operation-axiom.pdf>]
Package epstopdf Info: Source file: <obrazky/c-acts.eps>
(epstopdf)                    date: 2016-01-10 13:26:02
(epstopdf)                    size: 109058 bytes
(epstopdf)             Output file: <obrazky/c-acts-eps-converted-to.pdf>
(epstopdf)                    date: 2016-01-10 13:26:31
(epstopdf)                    size: 31737 bytes
(epstopdf)             Command: <epstopdf --outfile=obrazky/c-acts-eps-converted-to.pdf obrazky/c-acts.eps>
(epstopdf)             \includegraphics on input line 108.
Package epstopdf Info: Output file is already uptodate.
 <obrazky/c-acts-eps-converted-to.pdf, id=900, 472.76625pt x 253.94875pt>
File: obrazky/c-acts-eps-converted-to.pdf Graphic file (type pdf)
 <use obrazky/c-acts-eps-converted-to.pdf>
Package pdftex.def Info: obrazky/c-acts-eps-converted-to.pdf used on input line 108.
(pdftex.def)             Requested size: 330.93411pt x 177.76291pt.
 [47 <./obrazky/c-acts-eps-converted-to.pdf>] [48] <obrazky/basic-transaction-pattern.pdf, id=929, 1212.53pt x 715.67375pt>
File: obrazky/basic-transaction-pattern.pdf Graphic file (type pdf)
 <use obrazky/basic-transaction-pattern.pdf>
Package pdftex.def Info: obrazky/basic-transaction-pattern.pdf used on input line 160.
(pdftex.def)             Requested size: 485.00342pt x 286.26442pt.
 [49 <./obrazky/basic-transaction-pattern.pdf>] <obrazky/standard-transaction-pattern.pdf, id=948, 866.23625pt x 780.9175pt>
File: obrazky/standard-transaction-pattern.pdf Graphic file (type pdf)
 <use obrazky/standard-transaction-pattern.pdf>
Package pdftex.def Info: obrazky/standard-transaction-pattern.pdf used on input line 179.
(pdftex.def)             Requested size: 346.48836pt x 312.36147pt.
 [50 <./obrazky/standard-transaction-pattern.pdf>] [51] <obrazky/organization-theorem.pdf, id=975, 918.43124pt x 629.35126pt>
File: obrazky/organization-theorem.pdf Graphic file (type pdf)
 <use obrazky/organization-theorem.pdf>
Package pdftex.def Info: obrazky/organization-theorem.pdf used on input line 224.
(pdftex.def)             Requested size: 275.5315pt x 188.80682pt.

Overfull \hbox (7.76755pt too wide) in paragraph at lines 234--235
[]\T1/lmr/m/n/10.95 Dále je nutné ro-ze-brat pro-po-jení mezi I-organizací a I-actorem s D-organizaci
 []

[52 <./obrazky/organization-theorem.pdf>] <obrazky/aspect-models.pdf, id=996, 387.4475pt x 345.29pt>
File: obrazky/aspect-models.pdf Graphic file (type pdf)
 <use obrazky/aspect-models.pdf>
Package pdftex.def Info: obrazky/aspect-models.pdf used on input line 267.
(pdftex.def)             Requested size: 290.5849pt x 258.96684pt.
 [53] [54 <./obrazky/aspect-models.pdf>] [55]) [56] (./kapitola6.tex [57

] [58]

LaTeX Warning: Reference `sec:st3_opax' on page 59 undefined on input line 28.


Overfull \hbox (8.62514pt too wide) in paragraph at lines 33--34
\T1/lmr/m/n/10.95 jed-návku[], []($[]$[] pizzy v kra-bi-cích p°es okno Mie, v£etn¥ []$[]$
 []

[59]
Overfull \hbox (8.62514pt too wide) in paragraph at lines 43--44
\T1/lmr/m/n/10.95 jed-návku[], []($[]$[] pizzy v kra-bi-cích p°es okno Mie, v£etn¥ []$[]$
 []

[60]
Overfull \hbox (12.068pt too wide) in paragraph at lines 60--96
 [][] 
 []

[61] [62]
Package epstopdf Info: Source file: <obrazky/result-structure-chart-pizzeria.eps>
(epstopdf)                    date: 2016-01-09 23:31:43
(epstopdf)                    size: 72478 bytes
(epstopdf)             Output file: <obrazky/result-structure-chart-pizzeria-eps-converted-to.pdf>
(epstopdf)                    date: 2016-01-09 23:32:18
(epstopdf)                    size: 16203 bytes
(epstopdf)             Command: <epstopdf --outfile=obrazky/result-structure-chart-pizzeria-eps-converted-to.pdf obrazky/result-structure-chart-pizzeria.eps>
(epstopdf)             \includegraphics on input line 192.
Package epstopdf Info: Output file is already uptodate.
 <obrazky/result-structure-chart-pizzeria-eps-converted-to.pdf, id=1073, 275.0275pt x 316.18124pt>
File: obrazky/result-structure-chart-pizzeria-eps-converted-to.pdf Graphic file (type pdf)
 <use obrazky/result-structure-chart-pizzeria-eps-converted-to.pdf>
Package pdftex.def Info: obrazky/result-structure-chart-pizzeria-eps-converted-to.pdf used on input line 192.
(pdftex.def)             Requested size: 206.27011pt x 237.13535pt.
 [63 <./obrazky/result-structure-chart-pizzeria-eps-converted-to.pdf>] <obrazky/ATD-pizzeria.png, id=1092, 1216.545pt x 514.92375pt>
File: obrazky/ATD-pizzeria.png Graphic file (type png)
 <use obrazky/ATD-pizzeria.png>
Package pdftex.def Info: obrazky/ATD-pizzeria.png used on input line 203.
(pdftex.def)             Requested size: 425.79713pt x 180.226pt.

Overfull \hbox (56.79713pt too wide) in paragraph at lines 203--204
 [][] 
 []


LaTeX Warning: Reference `sec:tr_vzor_ulohy_signaly' on page 64 undefined on input line 208.

<obrazky/PSD-pizzeria.pdf, id=1096, 1187.43625pt x 631.35875pt>
File: obrazky/PSD-pizzeria.pdf Graphic file (type pdf)
 <use obrazky/PSD-pizzeria.pdf>
Package pdftex.def Info: obrazky/PSD-pizzeria.pdf used on input line 213.
(pdftex.def)             Requested size: 415.60892pt x 220.97887pt.

Overfull \hbox (46.60892pt too wide) in paragraph at lines 213--214
 [][] 
 []


Underfull \vbox (badness 10000) has occurred while \output is active []

 [64 <./obrazky/ATD-pizzeria.png>]

LaTeX Warning: Reference `sec:tr_vzor_ulohy_signaly' on page 65 undefined on input line 219.


LaTeX Warning: Reference `sec:tr_vzor_ulohy_signaly' on page 65 undefined on input line 221.

<obrazky/pizzeria-bpmn-1.pdf, id=1105, 962.59625pt x 771.88374pt>
File: obrazky/pizzeria-bpmn-1.pdf Graphic file (type pdf)
 <use obrazky/pizzeria-bpmn-1.pdf>
Package pdftex.def Info: obrazky/pizzeria-bpmn-1.pdf used on input line 227.
(pdftex.def)             Requested size: 472.30788pt x 378.73279pt.

Underfull \vbox (badness 10000) has occurred while \output is active []

 [65 <./obrazky/PSD-pizzeria.pdf>] <obrazky/pizzeria-bpmn-2.pdf, id=1119, 962.59625pt x 771.88374pt>
File: obrazky/pizzeria-bpmn-2.pdf Graphic file (type pdf)
 <use obrazky/pizzeria-bpmn-2.pdf>
Package pdftex.def Info: obrazky/pizzeria-bpmn-2.pdf used on input line 235.
(pdftex.def)             Requested size: 472.30788pt x 378.73279pt.

Underfull \vbox (badness 10000) has occurred while \output is active []

 [66 <./obrazky/pizzeria-bpmn-1.pdf>] [67 <./obrazky/pizzeria-bpmn-2.pdf>]) [68]

Package hyperref Warning: Composite letter `\textasciicaron+e'
(hyperref)                not defined in PD1 encoding,
(hyperref)                removing `\textasciicaron' on input line 76.

(./TSWLatexianTemp_000433.bbl [69

] [70

]
bibitemlist

Underfull \hbox (badness 3449) in paragraph at lines 12--15
[]\T1/lmr/m/n/10.95 Peris-Ortiz, M.; Álvarez-García, J.: \T1/lmr/m/it/10.95 Action-based qua-lity ma-nage-
 []


Underfull \hbox (badness 1210) in paragraph at lines 12--15
\T1/lmr/m/it/10.95 ment: Stra-tegy and tools for con-ti-nu-ous im-pro-ve-ment\T1/lmr/m/n/10.95 . 2014, ISBN
 []


Underfull \hbox (badness 2503) in paragraph at lines 26--28
[]\T1/lmr/m/n/10.95 Weske, M.: \T1/lmr/m/it/10.95 Busi-ness Pro-cess Ma-nage-ment\T1/lmr/m/n/10.95 . Sprin-ger, 2007, ISBN
 []


Underfull \hbox (badness 1931) in paragraph at lines 35--37
[]\T1/lmr/m/n/10.95 Bandor, M.: Pro-cess and Pro-cedure. 2007. Do-stupné z: []$\T1/lmtt/m/n/10.95 http : / /
 []

[71]
Underfull \hbox (badness 2460) in paragraph at lines 62--65
[]\T1/lmr/m/n/10.95 Chytil, J.; Le-hocký, Z.: Vý-vo-jové di-a-gramy - 1. díl. 2005. Do-
 []


Underfull \hbox (badness 5460) in paragraph at lines 62--65
\T1/lmr/m/n/10.95 stupné z: []$\T1/lmtt/m/n/10.95 http : / / programujte\OML/lmm/m/it/10.95 :\T1/lmtt/m/n/10.95 com / clanek / 2005080105 -[] vyvojove -[]
 []


Underfull \hbox (badness 1484) in paragraph at lines 67--69
[]\T1/lmr/m/n/10.95 Polancic, G.: Ma-na-ging busi-ness pro-ces-ses with BPMN ^^U SWOT
 []


Underfull \hbox (badness 6348) in paragraph at lines 71--73
[]\T1/lmr/m/n/10.95 BPEL ^^U ja-zyk pro au-to-ma-ti-zaci pro-ces·. Do-stupné z: []$\T1/lmtt/m/n/10.95 http :
 []


Underfull \hbox (badness 10000) in paragraph at lines 71--73
\T1/lmtt/m/n/10.95 / / www\OML/lmm/m/it/10.95 :\T1/lmtt/m/n/10.95 trask\OML/lmm/m/it/10.95 :\T1/lmtt/m/n/10.95 cz / publikace / zn -[] 51 -[] bpel -[] jazyk -[] pro -[] automatizaci -[]
 []


Underfull \hbox (badness 2452) in paragraph at lines 85--87
[]\T1/lmr/m/n/10.95 Enterprise En-gi-nee-ring and DEMO. Do-stupné z: []$\T1/lmtt/m/n/10.95 http : / / www\OML/lmm/m/it/10.95 :\T1/lmtt/m/n/10.95 ee -[]
 []


Underfull \hbox (badness 1603) in paragraph at lines 93--97
[]\T1/lmr/m/n/10.95 Barjis, J.: En-ter-prise Mo-de-ling and Si-mu-lation Wi-thin En-ter-prise
 []


Underfull \hbox (badness 10000) in paragraph at lines 93--97
\T1/lmr/m/n/10.95 Do-stupné z: []$\T1/lmtt/m/n/10.95 http : / / www\OML/lmm/m/it/10.95 :\T1/lmtt/m/n/10.95 tandfonline\OML/lmm/m/it/10.95 :\T1/lmtt/m/n/10.95 com / doi / abs / 10\OML/lmm/m/it/10.95 :\T1/lmtt/m/n/10.95 1080 /
 []


Underfull \hbox (badness 4072) in paragraph at lines 104--106
[]\T1/lmr/m/n/10.95 Va²í£ek, P.: Úvod do BPMN. 2008. Do-stupné z: []$\T1/lmtt/m/n/10.95 http : / / bpm -[]
 []


Underfull \hbox (badness 2990) in paragraph at lines 108--112
[]\T1/lmr/m/n/10.95 Silver, B.: \T1/lmr/m/it/10.95 BPMN Me-thod and Style, 2nd Edi-tion, with BPMN
 []


Underfull \hbox (badness 2941) in paragraph at lines 108--112
\T1/lmr/m/it/10.95 Im-ple-men-ter's Gu-ide: A structu-red ap-pro-ach for busi-ness pro-cess
 []


Underfull \hbox (badness 1769) in paragraph at lines 108--112
\T1/lmr/m/it/10.95 mo-de-ling and im-ple-men-tation using BPMN 2.0\T1/lmr/m/n/10.95 . 2011, ISBN 978-
 []


Underfull \hbox (badness 10000) in paragraph at lines 108--112
\T1/lmtt/m/n/10.95 Edition -[] Implementers -[] Guide / dp / 0982368119 / ref = sr{_}1{_}2?ie =
 []

[72]
Underfull \hbox (badness 1418) in paragraph at lines 122--124
\T1/lmr/m/n/10.95 z: []$\T1/lmtt/m/n/10.95 http : / / leymann\OML/lmm/m/it/10.95 :\T1/lmtt/m/n/10.95 blogspot\OML/lmm/m/it/10.95 :\T1/lmtt/m/n/10.95 cz / 2009 / 12 / bpel -[] vs -[] bpmn -[] 20 -[] should -[]
 []


Underfull \hbox (badness 4441) in paragraph at lines 126--128
[]\T1/lmr/m/n/10.95 Silver, B.: Execu-table BPMN 2.0. 2011. Do-stupné z: []$\T1/lmtt/m/n/10.95 http : / /
 []


Underfull \hbox (badness 1540) in paragraph at lines 165--168
\T1/lmr/m/n/10.95 9783642331428. Do-stupné z: []$\T1/lmtt/m/n/10.95 http : / / fundamentals -[] of -[] bpm\OML/lmm/m/it/10.95 :\T1/lmtt/m/n/10.95 org / wp -[]
 []

[73]) [74] [75

] [76

]

Package hyperref Warning: Composite letter `\textasciicaron+r'
(hyperref)                not defined in PD1 encoding,
(hyperref)                removing `\textasciicaron' on input line 200.


Class memoir Warning: The material used in the headers is too large
(14.1595pt) for the given head height (13.6pt), it is recommended to
either increase the head height or redesign the header
(in both cases you will find help in the memoir manual). on input line 217.

[77]
\tf@toc=\write5
\openout5 = `TSWLatexianTemp_000433.toc'.

\tf@lof=\write6
\openout6 = `TSWLatexianTemp_000433.lof'.

\tf@lot=\write7
\openout7 = `TSWLatexianTemp_000433.lot'.

Package atveryend Info: Empty hook `BeforeClearDocument' on input line 217.
Package atveryend Info: Empty hook `AfterLastShipout' on input line 217.
 (./TSWLatexianTemp_000433.aux)
Package atveryend Info: Executing hook `AtVeryEndDocument' on input line 217.
Package atveryend Info: Executing hook `AtEndAfterFileList' on input line 217.
Package rerunfilecheck Info: File `TSWLatexianTemp_000433.out' has not changed.
(rerunfilecheck)             Checksum: 12D218696FFF50C7BA7131DC548D7DC7;1961.


LaTeX Font Warning: Some font shapes were not available, defaults substituted.


LaTeX Warning: There were undefined references.

Package atveryend Info: Empty hook `AtVeryVeryEnd' on input line 217.
 ) 
Here is how much of TeX's memory you used:
 12207 strings out of 493089
 179613 string characters out of 6134841
 342984 words of memory out of 5000000
 15134 multiletter control sequences out of 15000+600000
 92771 words of font info for 62 fonts, out of 8000000 for 9000
 1141 hyphenation exceptions out of 8191
 47i,15n,44p,1924b,516s stack positions out of 5000i,500n,10000p,200000b,80000s
{/usr/local/texlive/2015/texmf-dist/fonts/enc/dvips/lm/lm-rm.enc}{/usr/local/texlive/2015/texmf-dist/fonts/enc/dvips/lm/lm-mathit.enc}{/usr/local/texlive/2015/texmf-dist/fonts/enc/dvips/lm/lm-ec.enc}{/usr/local/texlive/2015/texmf-dist/fonts/enc/dvips/lm/lm-mathsy.enc}</usr/local/texlive/2015/texmf-dist/fonts/type1/public/lm/lmbx10.pfb></usr/local/texlive/2015/texmf-dist/fonts/type1/public/lm/lmbx12.pfb></usr/local/texlive/2015/texmf-dist/fonts/type1/public/lm/lmbxi10.pfb></usr/local/texlive/2015/texmf-dist/fonts/type1/public/lm/lmcsc10.pfb></usr/local/texlive/2015/texmf-dist/fonts/type1/public/lm/lmmi10.pfb></usr/local/texlive/2015/texmf-dist/fonts/type1/public/lm/lmr10.pfb></usr/local/texlive/2015/texmf-dist/fonts/type1/public/lm/lmr12.pfb></usr/local/texlive/2015/texmf-dist/fonts/type1/public/lm/lmr6.pfb></usr/local/texlive/2015/texmf-dist/fonts/type1/public/lm/lmr8.pfb></usr/local/texlive/2015/texmf-dist/fonts/type1/public/lm/lmr9.pfb></usr/local/texlive/2015/texmf-dist/fonts/type1/public/lm/lmri10.pfb></usr/local/texlive/2015/texmf-dist/fonts/type1/public/lm/lmssbx10.pfb></usr/local/texlive/2015/texmf-dist/fonts/type1/public/lm/lmsy10.pfb></usr/local/texlive/2015/texmf-dist/fonts/type1/public/lm/lmtt10.pfb>
Output written on TSWLatexianTemp_000433.pdf (93 pages, 1550745 bytes).
PDF statistics:
 1562 PDF objects out of 1728 (max. 8388607)
 1278 compressed objects within 13 object streams
 336 named destinations out of 1000 (max. 500000)
 348 words of extra memory for PDF output out of 10000 (max. 10000000)

